
Apr 21, 2018 13:09:24.48 NEW SESSION
Apr 21, 2018 13:09:24.48 [11772:592:0421/130924.483:ERROR:in_progress_cache_impl.cc(93)] Could not read download entries from file because there was a read failure.
Apr 21, 2018 13:09:25.79 [11772:7680:0421/130925.797:ERROR:connection_factory_impl.cc(379)] Failed to connect to MCS endpoint with error -106
Apr 21, 2018 13:09:26.39 [11772:9116:0421/130926.396:ERROR:backend_impl.cc(1055)] Critical error found -8
Apr 21, 2018 13:09:46.48 [11772:9116:0421/130946.488:ERROR:backend_impl.cc(1055)] Critical error found -8
Apr 21, 2018 13:09:53.28 [11772:7680:0421/130953.287:ERROR:connection_factory_impl.cc(379)] Failed to connect to MCS endpoint with error -106
Apr 21, 2018 13:09:59.30 [11772:9128:0421/130959.304:ERROR:account_tracker.cc(278)] OnGetTokenFailure: Connection failed (-106).
Apr 21, 2018 13:09:59.34 [11772:9128:0421/130959.304:ERROR:account_tracker.cc(278)] OnGetTokenFailure: Connection failed (-106).
Apr 21, 2018 13:10:10.25 [11772:7680:0421/131010.250:ERROR:connection_factory_impl.cc(379)] Failed to connect to MCS endpoint with error -21
Apr 21, 2018 13:10:24.22 [11772:9128:0421/131024.221:ERROR:persistent_memory_allocator.cc(845)] Corruption detected in shared-memory segment.
Apr 21, 2018 13:10:26.36 [11772:7680:0421/131026.363:ERROR:ssl_client_socket_impl.cc(1147)] handshake failed; returned -1, SSL error code 1, net_error -100
Apr 21, 2018 13:10:26.59 [11772:7680:0421/131026.593:ERROR:ssl_client_socket_impl.cc(1147)] handshake failed; returned -1, SSL error code 1, net_error -100
Apr 21, 2018 16:13:28.39 [11772:9128:0421/161328.388:ERROR:gcm_channel_status_request.cc(127)] GCM channel request failed.
Apr 21, 2018 16:13:31.08 [11772:13172:0421/161328.492:ERROR:get_updates_processor.cc(244)] PostClientToServerMessage() failed during GetUpdates
Apr 21, 2018 16:13:31.10 [11772:7680:0421/161330.911:ERROR:connection_factory_impl.cc(379)] Failed to connect to MCS endpoint with error -106
Apr 21, 2018 16:13:38.41 [11772:13172:0421/161338.413:ERROR:get_updates_processor.cc(244)] PostClientToServerMessage() failed during GetUpdates
Apr 21, 2018 16:13:40.58 [11772:13172:0421/161340.585:ERROR:get_updates_processor.cc(244)] PostClientToServerMessage() failed during GetUpdates
Apr 23, 2018 14:38:28.66 [11772:9128:0423/143828.177:ERROR:gcm_channel_status_request.cc(127)] GCM channel request failed.
Apr 23, 2018 14:38:28.96 [11772:7680:0423/143828.895:ERROR:socket_stream.cc(210)] Closing stream with result -101
Apr 23, 2018 14:38:28.96 [11772:7680:0423/143828.898:ERROR:connection_factory_impl.cc(379)] Failed to connect to MCS endpoint with error -21
Apr 23, 2018 14:38:28.96 [11772:7680:0423/143828.899:ERROR:checkin_request.cc(211)] Failed to get checkin response. Fetcher failed. Retrying.
Apr 23, 2018 14:38:29.66 [11772:13172:0423/143829.233:ERROR:get_updates_processor.cc(244)] PostClientToServerMessage() failed during GetUpdates
Apr 23, 2018 14:38:33.95 [11772:7680:0423/143833.746:ERROR:connection_factory_impl.cc(379)] Failed to connect to MCS endpoint with error -21
Apr 23, 2018 14:38:33.95 [11772:13172:0423/143833.747:ERROR:get_updates_processor.cc(244)] PostClientToServerMessage() failed during GetUpdates
Apr 23, 2018 14:39:08.83 [11772:9116:0423/143908.833:ERROR:backend_impl.cc(1055)] Critical error found -8
Apr 23, 2018 14:39:09.01 [11772:9116:0423/143908.833:ERROR:entry_impl.cc(962)] Failed to save user data
Apr 23, 2018 14:39:26.04 [11772:7680:0423/143926.043:ERROR:shader_disk_cache.cc(238)] Failed to create shader cache entry: -2
Apr 23, 2018 14:39:57.38 [11772:7680:0423/143957.382:ERROR:shader_disk_cache.cc(238)] Failed to create shader cache entry: -2
Apr 23, 2018 14:40:02.38 [11772:7680:0423/144002.388:ERROR:upload_data_presenter.cc(73)] NOT IMPLEMENTED
Apr 23, 2018 14:40:03.88 [11772:7680:0423/144003.887:ERROR:upload_data_presenter.cc(73)] NOT IMPLEMENTED
Apr 23, 2018 14:40:05.10 [11772:7680:0423/144005.106:ERROR:upload_data_presenter.cc(73)] NOT IMPLEMENTED
Apr 23, 2018 14:40:05.67 [11772:7680:0423/144005.669:ERROR:upload_data_presenter.cc(73)] NOT IMPLEMENTED
Apr 23, 2018 14:42:59.63 [11772:7680:0423/144259.631:ERROR:upload_data_presenter.cc(73)] NOT IMPLEMENTED
Apr 23, 2018 14:42:59.76 [11772:7680:0423/144259.760:ERROR:upload_data_presenter.cc(73)] NOT IMPLEMENTED
Apr 23, 2018 14:42:59.97 [11772:7680:0423/144259.972:ERROR:upload_data_presenter.cc(73)] NOT IMPLEMENTED
Apr 23, 2018 14:43:00.35 [11772:7680:0423/144300.352:ERROR:upload_data_presenter.cc(73)] NOT IMPLEMENTED
Apr 23, 2018 14:47:05.16 [11772:7680:0423/144705.168:ERROR:upload_data_presenter.cc(73)] NOT IMPLEMENTED
Apr 23, 2018 14:47:05.27 [11772:7680:0423/144705.277:ERROR:upload_data_presenter.cc(73)] NOT IMPLEMENTED
Apr 23, 2018 14:47:05.54 [11772:7680:0423/144705.545:ERROR:upload_data_presenter.cc(73)] NOT IMPLEMENTED
Apr 23, 2018 14:47:05.88 [11772:7680:0423/144705.881:ERROR:upload_data_presenter.cc(73)] NOT IMPLEMENTED
Apr 23, 2018 14:51:30.80 [11772:7680:0423/145130.804:ERROR:shader_disk_cache.cc(238)] Failed to create shader cache entry: -2
Apr 23, 2018 15:00:10.23 [11772:7680:0423/150010.229:ERROR:upload_data_presenter.cc(73)] NOT IMPLEMENTED
Apr 23, 2018 15:00:10.32 [11772:7680:0423/150010.319:ERROR:upload_data_presenter.cc(73)] NOT IMPLEMENTED
Apr 23, 2018 15:00:10.59 [11772:7680:0423/150010.594:ERROR:upload_data_presenter.cc(73)] NOT IMPLEMENTED
Apr 23, 2018 15:00:10.90 [11772:7680:0423/150010.903:ERROR:upload_data_presenter.cc(73)] NOT IMPLEMENTED
Apr 23, 2018 15:06:01.14 [11772:7680:0423/150601.142:ERROR:upload_data_presenter.cc(73)] NOT IMPLEMENTED
Apr 23, 2018 15:06:01.26 [11772:7680:0423/150601.263:ERROR:upload_data_presenter.cc(73)] NOT IMPLEMENTED
Apr 23, 2018 15:06:01.54 [11772:7680:0423/150601.540:ERROR:upload_data_presenter.cc(73)] NOT IMPLEMENTED
Apr 23, 2018 15:06:01.83 [11772:7680:0423/150601.838:ERROR:upload_data_presenter.cc(73)] NOT IMPLEMENTED
Apr 23, 2018 15:34:10.46 [11772:17728:0423/153410.459:ERROR:platform_sensor_reader_win.cc(239)] NOT IMPLEMENTED
Apr 23, 2018 15:52:53.95 [11772:7680:0423/155253.955:ERROR:upload_data_presenter.cc(73)] NOT IMPLEMENTED
Apr 23, 2018 15:52:54.14 [11772:7680:0423/155254.146:ERROR:upload_data_presenter.cc(73)] NOT IMPLEMENTED
Apr 23, 2018 15:52:54.26 [11772:7680:0423/155254.263:ERROR:upload_data_presenter.cc(73)] NOT IMPLEMENTED
Apr 23, 2018 15:52:54.56 [11772:7680:0423/155254.566:ERROR:upload_data_presenter.cc(73)] NOT IMPLEMENTED
Apr 23, 2018 16:01:30.58 [11772:7680:0423/160130.582:ERROR:upload_data_presenter.cc(73)] NOT IMPLEMENTED
Apr 23, 2018 16:01:30.96 [11772:7680:0423/160130.964:ERROR:upload_data_presenter.cc(73)] NOT IMPLEMENTED
Apr 23, 2018 16:01:31.03 [11772:7680:0423/160131.035:ERROR:upload_data_presenter.cc(73)] NOT IMPLEMENTED
Apr 23, 2018 16:01:31.27 [11772:7680:0423/160131.271:ERROR:upload_data_presenter.cc(73)] NOT IMPLEMENTED
Apr 23, 2018 17:30:30.72 [11772:7680:0423/173030.725:ERROR:upload_data_presenter.cc(73)] NOT IMPLEMENTED
Apr 23, 2018 17:30:30.82 [11772:7680:0423/173030.820:ERROR:upload_data_presenter.cc(73)] NOT IMPLEMENTED
Apr 23, 2018 17:30:31.12 [11772:7680:0423/173031.125:ERROR:upload_data_presenter.cc(73)] NOT IMPLEMENTED
Apr 23, 2018 17:30:31.46 [11772:7680:0423/173031.468:ERROR:upload_data_presenter.cc(73)] NOT IMPLEMENTED
Apr 23, 2018 17:32:34.86 [11772:7680:0423/173234.866:ERROR:upload_data_presenter.cc(73)] NOT IMPLEMENTED
Apr 23, 2018 17:32:34.98 [11772:7680:0423/173234.984:ERROR:upload_data_presenter.cc(73)] NOT IMPLEMENTED
Apr 23, 2018 17:32:35.17 [11772:7680:0423/173235.177:ERROR:upload_data_presenter.cc(73)] NOT IMPLEMENTED
Apr 23, 2018 17:32:35.48 [11772:7680:0423/173235.480:ERROR:upload_data_presenter.cc(73)] NOT IMPLEMENTED
Apr 23, 2018 19:41:55.71 [11772:7680:0423/194155.677:ERROR:connection_factory_impl.cc(379)] Failed to connect to MCS endpoint with error -21
Apr 23, 2018 19:41:55.94 [11772:9128:0423/194155.946:ERROR:gcm_channel_status_request.cc(127)] GCM channel request failed.
Apr 23, 2018 21:20:20.25 [11772:7680:0423/212020.253:ERROR:extension_protocols.cc(553)] Allowing load of chrome-extension://mjibdhifibokijabebohlhfnmljbleff/js/raven.min.js.mapfrom unknown origin. Could not find user data for request.
Apr 23, 2018 22:31:49.01 [11772:7680:0423/223149.018:ERROR:ssl_client_socket_impl.cc(1147)] handshake failed; returned -1, SSL error code 1, net_error -101
Apr 23, 2018 22:32:05.29 [11772:7680:0423/223205.298:ERROR:ssl_client_socket_impl.cc(1147)] handshake failed; returned -1, SSL error code 1, net_error -101

May 19, 2018 10:12:59.54 NEW SESSION
May 19, 2018 10:12:59.63 [10788:13736:0519/101259.212:ERROR:in_progress_cache_impl.cc(93)] Could not read download entries from file because there was a read failure.
May 19, 2018 10:13:37.50 [10788:25560:0519/101337.501:ERROR:shader_disk_cache.cc(238)] Failed to create shader cache entry: -2
May 19, 2018 10:19:34.15 Unable to read VR Path Registry from C:\Users\Sunil kumar pandey\AppData\Local\openvr\openvrpaths.vrpath
May 19, 2018 10:19:34.15 [10788:25560:0519/101934.152:ERROR:socket_stream.cc(210)] Closing stream with result -100
May 19, 2018 10:24:38.31 [10788:25560:0519/102438.312:ERROR:socket_stream.cc(210)] Closing stream with result -100
May 19, 2018 10:29:47.06 [10788:25560:0519/102947.067:ERROR:socket_stream.cc(210)] Closing stream with result -100
May 19, 2018 10:34:59.43 [10788:25560:0519/103459.438:ERROR:socket_stream.cc(210)] Closing stream with result -100
May 19, 2018 10:35:08.80 [10788:25560:0519/103508.804:ERROR:connection_factory_impl.cc(416)] Failed to connect to MCS endpoint with error -106
May 19, 2018 10:35:38.45 [10788:25560:0519/103538.454:ERROR:connection_factory_impl.cc(416)] Failed to connect to MCS endpoint with error -106
May 19, 2018 10:36:28.23 [10788:25560:0519/103628.229:ERROR:connection_factory_impl.cc(416)] Failed to connect to MCS endpoint with error -21
May 19, 2018 10:36:31.52 [10788:25560:0519/103631.520:ERROR:connection_factory_impl.cc(416)] Failed to connect to MCS endpoint with error -21
May 19, 2018 10:43:23.87 [10788:25560:0519/104323.872:ERROR:socket_stream.cc(210)] Closing stream with result -100
May 19, 2018 10:48:29.02 [10788:25560:0519/104829.022:ERROR:socket_stream.cc(210)] Closing stream with result -100
May 19, 2018 10:53:35.75 [10788:25560:0519/105335.750:ERROR:socket_stream.cc(210)] Closing stream with result -100
May 19, 2018 10:58:36.72 [10788:25560:0519/105836.723:ERROR:socket_stream.cc(210)] Closing stream with result -100
May 19, 2018 11:03:37.68 [10788:25560:0519/110337.686:ERROR:socket_stream.cc(210)] Closing stream with result -100
May 19, 2018 11:08:42.52 [10788:25560:0519/110842.467:ERROR:socket_stream.cc(210)] Closing stream with result -100
May 19, 2018 11:18:11.02 [10788:25560:0519/111811.028:ERROR:socket_stream.cc(210)] Closing stream with result -100
May 19, 2018 11:23:12.14 [10788:25560:0519/112312.144:ERROR:socket_stream.cc(210)] Closing stream with result -100
May 19, 2018 11:28:14.18 [10788:25560:0519/112814.185:ERROR:socket_stream.cc(210)] Closing stream with result -100
May 19, 2018 11:33:26.03 [10788:25560:0519/113326.033:ERROR:socket_stream.cc(210)] Closing stream with result -100
May 19, 2018 12:20:30.52 [10788:7856:0519/122030.526:ERROR:gcm_channel_status_request.cc(127)] GCM channel request failed.
May 19, 2018 12:20:36.37 [10788:25560:0519/122036.373:ERROR:connection_factory_impl.cc(416)] Failed to connect to MCS endpoint with error -106
May 19, 2018 15:20:44.53 [10788:7856:0519/152044.531:ERROR:gcm_channel_status_request.cc(127)] GCM channel request failed.
May 19, 2018 15:20:47.96 [10788:25560:0519/152044.551:ERROR:connection_factory_impl.cc(416)] Failed to connect to MCS endpoint with error -106
May 19, 2018 15:20:48.25 [10788:19060:0519/152048.257:ERROR:get_updates_processor.cc(244)] PostClientToServerMessage() failed during GetUpdates
May 20, 2018 20:14:25.58 [10788:7856:0520/201425.589:ERROR:gcm_channel_status_request.cc(127)] GCM channel request failed.
May 20, 2018 20:14:25.66 [10788:25560:0520/201425.593:ERROR:connection_factory_impl.cc(416)] Failed to connect to MCS endpoint with error -106
May 20, 2018 20:14:25.66 [10788:19060:0520/201425.597:ERROR:get_updates_processor.cc(244)] PostClientToServerMessage() failed during GetUpdates
May 20, 2018 20:14:37.89 [10788:25560:0520/201437.890:ERROR:connection_factory_impl.cc(416)] Failed to connect to MCS endpoint with error -21
May 20, 2018 20:14:37.89 [10788:19060:0520/201437.890:ERROR:get_updates_processor.cc(244)] PostClientToServerMessage() failed during GetUpdates
May 20, 2018 20:20:00.67 [10788:25560:0520/202000.674:ERROR:connection_factory_impl.cc(416)] Failed to connect to MCS endpoint with error -118
May 20, 2018 23:11:01.53 [10788:25560:0520/231101.418:ERROR:socket_stream.cc(210)] Closing stream with result -101
May 20, 2018 23:11:03.47 [10788:25560:0520/231103.471:ERROR:connection_factory_impl.cc(416)] Failed to connect to MCS endpoint with error -106
May 20, 2018 23:11:28.55 [10788:25560:0520/231128.557:ERROR:connection_factory_impl.cc(416)] Failed to connect to MCS endpoint with error -106
May 20, 2018 23:12:15.48 [10788:25560:0520/231215.481:ERROR:connection_factory_impl.cc(416)] Failed to connect to MCS endpoint with error -106
May 20, 2018 23:12:26.03 [10788:25560:0520/231226.031:ERROR:connection_factory_impl.cc(416)] Failed to connect to MCS endpoint with error -21
May 20, 2018 23:45:38.28 [10788:25560:0520/234538.268:ERROR:connection_factory_impl.cc(416)] Failed to connect to MCS endpoint with error -21
May 21, 2018 02:45:50.36 [10788:19060:0521/024547.618:ERROR:get_updates_processor.cc(244)] PostClientToServerMessage() failed during GetUpdates
May 21, 2018 02:45:50.37 [10788:7856:0521/024550.362:ERROR:gcm_channel_status_request.cc(127)] GCM channel request failed.
May 21, 2018 02:45:52.69 [10788:19060:0521/024552.691:ERROR:get_updates_processor.cc(244)] PostClientToServerMessage() failed during GetUpdates
May 21, 2018 02:45:57.18 [10788:19060:0521/024557.165:ERROR:get_updates_processor.cc(244)] PostClientToServerMessage() failed during GetUpdates
May 21, 2018 06:54:23.53 [10788:19060:0521/065423.347:ERROR:get_updates_processor.cc(244)] PostClientToServerMessage() failed during GetUpdates
May 21, 2018 06:54:23.93 [10788:7856:0521/065423.930:ERROR:gcm_channel_status_request.cc(127)] GCM channel request failed.
May 21, 2018 06:54:28.97 [10788:25560:0521/065428.922:ERROR:connection_factory_impl.cc(416)] Failed to connect to MCS endpoint with error -21
May 21, 2018 06:54:29.05 [10788:19060:0521/065429.054:ERROR:get_updates_processor.cc(244)] PostClientToServerMessage() failed during GetUpdates
May 21, 2018 10:09:25.81 [10788:7856:0521/100925.617:ERROR:gcm_channel_status_request.cc(127)] GCM channel request failed.
May 21, 2018 10:09:28.61 [10788:19060:0521/100928.615:ERROR:get_updates_processor.cc(244)] PostClientToServerMessage() failed during GetUpdates
May 21, 2018 10:09:30.22 [10788:19060:0521/100930.217:ERROR:get_updates_processor.cc(244)] PostClientToServerMessage() failed during GetUpdates
May 21, 2018 14:54:46.49 [10788:25560:0521/145446.498:ERROR:connection_factory_impl.cc(416)] Failed to connect to MCS endpoint with error -7
May 21, 2018 14:54:48.04 [10788:7856:0521/145448.047:ERROR:gcm_channel_status_request.cc(127)] GCM channel request failed.
May 21, 2018 14:54:48.05 [10788:25560:0521/145448.055:ERROR:checkin_request.cc(211)] Failed to get checkin response. Fetcher failed. Retrying.
May 21, 2018 14:54:49.95 [10788:19060:0521/145449.957:ERROR:get_updates_processor.cc(244)] PostClientToServerMessage() failed during GetUpdates
May 21, 2018 16:10:51.37 [10788:25560:0521/161051.299:ERROR:ssl_client_socket_impl.cc(1098)] handshake failed; returned -1, SSL error code 1, net_error -101
May 21, 2018 17:57:33.88 [10788:25560:0521/175733.884:ERROR:connection_factory_impl.cc(416)] Failed to connect to MCS endpoint with error -106
May 21, 2018 17:57:41.01 [10788:25560:0521/175741.014:ERROR:connection_factory_impl.cc(416)] Failed to connect to MCS endpoint with error -21
May 21, 2018 20:11:11.48 [10788:19060:0521/201111.486:ERROR:get_updates_processor.cc(244)] PostClientToServerMessage() failed during GetUpdates
May 21, 2018 20:11:11.84 [10788:7856:0521/201111.849:ERROR:gcm_channel_status_request.cc(127)] GCM channel request failed.
May 21, 2018 21:06:57.36 [10788:7856:0521/210657.363:ERROR:CONSOLE(0)] "Failed to set referrer policy: The value '' is not one of 'no-referrer', 'no-referrer-when-downgrade', 'origin', 'origin-when-cross-origin', 'same-origin', 'strict-origin', 'strict-origin-when-cross-origin', or 'unsafe-url'. The referrer policy has been left unchanged.", source: https://www.filmxy.pro/ (0)
May 21, 2018 21:11:19.78 [10788:26772:0521/211119.788:ERROR:platform_sensor_reader_win.cc(242)] NOT IMPLEMENTED
May 21, 2018 21:12:29.12 [10788:18076:0521/211229.126:ERROR:platform_sensor_reader_win.cc(242)] NOT IMPLEMENTED
May 21, 2018 21:12:31.69 [10788:28312:0521/211231.692:ERROR:platform_sensor_reader_win.cc(242)] NOT IMPLEMENTED
May 21, 2018 21:12:33.65 [10788:16092:0521/211233.657:ERROR:platform_sensor_reader_win.cc(242)] NOT IMPLEMENTED
May 21, 2018 21:12:57.05 [10788:30560:0521/211257.050:ERROR:platform_sensor_reader_win.cc(242)] NOT IMPLEMENTED
May 21, 2018 21:13:00.81 [10788:24920:0521/211300.814:ERROR:platform_sensor_reader_win.cc(242)] NOT IMPLEMENTED
May 21, 2018 21:16:10.53 [10788:25560:0521/211610.530:ERROR:ssl_client_socket_impl.cc(1098)] handshake failed; returned -1, SSL error code 1, net_error -100
May 21, 2018 21:23:11.45 [10788:7856:0521/212311.447:ERROR:gcm_channel_status_request.cc(127)] GCM channel request failed.
May 21, 2018 21:23:40.77 [10788:7856:0521/212340.772:ERROR:gcm_channel_status_request.cc(127)] GCM channel request failed.
May 21, 2018 21:23:40.89 [10788:25560:0521/212340.891:ERROR:socket_stream.cc(210)] Closing stream with result -101
May 21, 2018 21:23:43.73 [10788:25560:0521/212343.729:ERROR:connection_factory_impl.cc(416)] Failed to connect to MCS endpoint with error -106
May 21, 2018 21:24:09.00 [10788:25560:0521/212409.003:ERROR:connection_factory_impl.cc(416)] Failed to connect to MCS endpoint with error -106
May 21, 2018 21:24:24.43 [10788:7856:0521/212424.438:ERROR:gcm_channel_status_request.cc(127)] GCM channel request failed.
May 21, 2018 21:24:38.07 [10788:19060:0521/212438.060:ERROR:get_updates_processor.cc(244)] PostClientToServerMessage() failed during GetUpdates
May 21, 2018 21:25:02.02 [10788:25560:0521/212502.020:ERROR:connection_factory_impl.cc(416)] Failed to connect to MCS endpoint with error -21

May 24, 2018 09:00:24.16 NEW SESSION
May 24, 2018 09:00:24.16 [10276:15720:0524/090024.095:ERROR:in_progress_cache_impl.cc(93)] Could not read download entries from file because there was a read failure.
May 24, 2018 09:14:36.31 Unable to read VR Path Registry from C:\Users\Sunil kumar pandey\AppData\Local\openvr\openvrpaths.vrpath
May 24, 2018 09:14:36.32 [10276:9348:0524/091436.313:ERROR:CONSOLE(0)] "Failed to set referrer policy: The value '' is not one of 'no-referrer', 'no-referrer-when-downgrade', 'origin', 'origin-when-cross-origin', 'same-origin', 'strict-origin', 'strict-origin-when-cross-origin', or 'unsafe-url'. The referrer policy has been left unchanged.", source: https://www.filmxy.pro/ (0)
May 24, 2018 09:21:16.95 [10276:14204:0524/092116.954:ERROR:platform_sensor_reader_win.cc(242)] NOT IMPLEMENTED
May 24, 2018 09:21:19.81 [10276:2772:0524/092119.810:ERROR:platform_sensor_reader_win.cc(242)] NOT IMPLEMENTED
May 24, 2018 09:21:32.29 [10276:15048:0524/092132.289:ERROR:platform_sensor_reader_win.cc(242)] NOT IMPLEMENTED
May 24, 2018 09:21:37.29 [10276:11940:0524/092137.291:ERROR:platform_sensor_reader_win.cc(242)] NOT IMPLEMENTED
May 24, 2018 09:21:53.30 [10276:14752:0524/092153.305:ERROR:platform_sensor_reader_win.cc(242)] NOT IMPLEMENTED
May 24, 2018 09:22:39.33 [10276:9560:0524/092239.328:ERROR:platform_sensor_reader_win.cc(242)] NOT IMPLEMENTED
May 24, 2018 09:22:46.36 [10276:428:0524/092246.358:ERROR:platform_sensor_reader_win.cc(242)] NOT IMPLEMENTED
May 24, 2018 09:23:08.96 [10276:1348:0524/092308.968:ERROR:platform_sensor_reader_win.cc(242)] NOT IMPLEMENTED
May 24, 2018 09:28:36.32 [10276:6352:0524/092836.319:ERROR:platform_sensor_reader_win.cc(242)] NOT IMPLEMENTED
May 24, 2018 09:28:43.96 [10276:3020:0524/092843.968:ERROR:platform_sensor_reader_win.cc(242)] NOT IMPLEMENTED
May 24, 2018 09:28:46.32 [10276:16380:0524/092846.319:ERROR:platform_sensor_reader_win.cc(242)] NOT IMPLEMENTED
May 24, 2018 11:22:25.07 [10276:9348:0524/112225.072:ERROR:gcm_channel_status_request.cc(127)] GCM channel request failed.
May 24, 2018 11:22:30.94 [10276:16468:0524/112230.940:ERROR:connection_factory_impl.cc(416)] Failed to connect to MCS endpoint with error -106
May 24, 2018 11:22:49.24 [10276:9348:0524/112249.247:ERROR:gcm_channel_status_request.cc(127)] GCM channel request failed.
May 24, 2018 11:23:00.12 [10276:16468:0524/112300.124:ERROR:connection_factory_impl.cc(416)] Failed to connect to MCS endpoint with error -106
May 24, 2018 11:23:32.38 [10276:9348:0524/112332.389:ERROR:gcm_channel_status_request.cc(127)] GCM channel request failed.
May 24, 2018 11:23:44.66 [10276:16468:0524/112344.667:ERROR:connection_factory_impl.cc(416)] Failed to connect to MCS endpoint with error -106
May 24, 2018 11:25:12.20 [10276:9348:0524/112512.202:ERROR:gcm_channel_status_request.cc(127)] GCM channel request failed.
May 24, 2018 11:25:41.57 [10276:16468:0524/112541.576:ERROR:connection_factory_impl.cc(416)] Failed to connect to MCS endpoint with error -106
May 24, 2018 11:28:28.71 [10276:9348:0524/112828.711:ERROR:gcm_channel_status_request.cc(127)] GCM channel request failed.
May 24, 2018 11:28:51.53 [10276:16468:0524/112851.533:ERROR:connection_factory_impl.cc(416)] Failed to connect to MCS endpoint with error -106
May 24, 2018 11:30:42.72 [10276:16468:0524/113042.719:ERROR:connection_factory_impl.cc(416)] Failed to connect to MCS endpoint with error -21
May 24, 2018 11:31:41.68 [10276:16468:0524/113141.681:ERROR:connection_factory_impl.cc(416)] Failed to connect to MCS endpoint with error -106
May 24, 2018 11:31:53.72 [10276:16468:0524/113153.728:ERROR:connection_factory_impl.cc(416)] Failed to connect to MCS endpoint with error -21
May 24, 2018 11:31:56.77 [10276:16468:0524/113156.778:ERROR:connection_factory_impl.cc(416)] Failed to connect to MCS endpoint with error -21
May 24, 2018 16:29:43.93 [10276:16468:0524/162943.933:ERROR:socket_stream.cc(210)] Closing stream with result -101
May 24, 2018 16:29:45.98 [10276:16468:0524/162944.137:ERROR:connection_factory_impl.cc(416)] Failed to connect to MCS endpoint with error -105
May 24, 2018 16:29:46.00 [10276:9348:0524/162946.002:ERROR:gcm_channel_status_request.cc(127)] GCM channel request failed.
May 24, 2018 16:29:49.23 [10276:16468:0524/162949.230:ERROR:connection_factory_impl.cc(416)] Failed to connect to MCS endpoint with error -106
May 24, 2018 16:29:54.80 [10276:16468:0524/162954.803:ERROR:connection_factory_impl.cc(416)] Failed to connect to MCS endpoint with error -21
May 24, 2018 18:36:59.51 [10276:9348:0524/183659.519:ERROR:gcm_channel_status_request.cc(127)] GCM channel request failed.
May 24, 2018 18:37:01.64 [10276:16836:0524/183701.648:ERROR:get_updates_processor.cc(244)] PostClientToServerMessage() failed during GetUpdates
May 24, 2018 22:52:58.02 [10276:16468:0524/225257.982:ERROR:socket_stream.cc(210)] Closing stream with result -100
May 24, 2018 23:10:58.76 [10276:16468:0524/231058.766:ERROR:socket_stream.cc(210)] Closing stream with result -101
May 24, 2018 23:11:04.76 [10276:16468:0524/231104.768:ERROR:connection_factory_impl.cc(416)] Failed to connect to MCS endpoint with error -105
May 24, 2018 23:11:31.90 [10276:16468:0524/231131.901:ERROR:connection_factory_impl.cc(416)] Failed to connect to MCS endpoint with error -105
May 24, 2018 23:12:19.57 [10276:16468:0524/231219.569:ERROR:connection_factory_impl.cc(416)] Failed to connect to MCS endpoint with error -105

May 25, 2018 09:45:02.41 NEW SESSION
May 25, 2018 09:45:02.41 [5220:10836:0525/094502.410:ERROR:in_progress_cache_impl.cc(93)] Could not read download entries from file because there was a read failure.
May 25, 2018 10:02:18.56 Unable to read VR Path Registry from C:\Users\Sunil kumar pandey\AppData\Local\openvr\openvrpaths.vrpath
May 25, 2018 10:02:18.56 [5220:16860:0525/100218.564:ERROR:latency_info.cc(164)] Display::DrawAndSwap, LatencyInfo vector size 102 is too big.
May 25, 2018 10:18:58.23 [5220:8136:0525/101858.236:ERROR:socket_stream.cc(210)] Closing stream with result -100

Jun 09, 2018 10:25:50.53 NEW SESSION
Jun 09, 2018 10:25:50.53 [9624:1948:0609/102550.417:ERROR:in_progress_cache_impl.cc(93)] Could not read download entries from file because there was a read failure.
Jun 09, 2018 10:32:31.91 Unable to read VR Path Registry from C:\Users\Sunil kumar pandey\AppData\Local\openvr\openvrpaths.vrpath
Jun 09, 2018 10:32:31.91 [9624:11512:0609/103231.910:ERROR:socket_stream.cc(210)] Closing stream with result -100
Jun 09, 2018 10:37:35.95 [9624:11512:0609/103735.950:ERROR:socket_stream.cc(210)] Closing stream with result -100
Jun 09, 2018 10:42:46.43 [9624:11512:0609/104246.429:ERROR:socket_stream.cc(210)] Closing stream with result -100
Jun 09, 2018 10:47:54.28 [9624:11512:0609/104754.287:ERROR:socket_stream.cc(210)] Closing stream with result -100
Jun 09, 2018 10:52:56.01 [9624:11512:0609/105256.018:ERROR:socket_stream.cc(210)] Closing stream with result -100
Jun 09, 2018 10:58:11.20 [9624:11512:0609/105811.207:ERROR:socket_stream.cc(210)] Closing stream with result -100
Jun 09, 2018 11:03:12.27 [9624:11512:0609/110312.270:ERROR:socket_stream.cc(210)] Closing stream with result -100
Jun 09, 2018 11:08:21.10 [9624:11512:0609/110821.105:ERROR:socket_stream.cc(210)] Closing stream with result -100
Jun 09, 2018 11:13:21.78 [9624:11512:0609/111321.783:ERROR:connection_factory_impl.cc(416)] Failed to connect to MCS endpoint with error -106
Jun 09, 2018 11:13:46.66 [9624:11512:0609/111346.662:ERROR:connection_factory_impl.cc(416)] Failed to connect to MCS endpoint with error -106
Jun 09, 2018 11:14:41.56 [9624:11512:0609/111441.569:ERROR:connection_factory_impl.cc(416)] Failed to connect to MCS endpoint with error -106
Jun 09, 2018 11:14:56.32 [9624:2164:0609/111456.327:ERROR:get_updates_processor.cc(244)] PostClientToServerMessage() failed during GetUpdates
Jun 09, 2018 11:15:41.33 [9624:2164:0609/111541.333:ERROR:get_updates_processor.cc(244)] PostClientToServerMessage() failed during GetUpdates
Jun 09, 2018 11:16:28.90 [9624:11512:0609/111628.900:ERROR:connection_factory_impl.cc(416)] Failed to connect to MCS endpoint with error -106
Jun 09, 2018 11:17:33.33 [9624:2164:0609/111733.338:ERROR:get_updates_processor.cc(244)] PostClientToServerMessage() failed during GetUpdates
Jun 09, 2018 11:19:31.06 [9624:11512:0609/111931.069:ERROR:connection_factory_impl.cc(416)] Failed to connect to MCS endpoint with error -106
Jun 09, 2018 11:20:21.34 [9624:2164:0609/112021.345:ERROR:get_updates_processor.cc(244)] PostClientToServerMessage() failed during GetUpdates
Jun 09, 2018 11:27:15.62 [9624:11512:0609/112715.619:ERROR:socket_stream.cc(210)] Closing stream with result -100
Jun 09, 2018 11:32:26.03 [9624:11512:0609/113226.038:ERROR:socket_stream.cc(210)] Closing stream with result -100
Jun 09, 2018 11:37:27.70 [9624:11512:0609/113727.707:ERROR:socket_stream.cc(210)] Closing stream with result -100
Jun 09, 2018 11:42:30.40 [9624:11512:0609/114230.400:ERROR:socket_stream.cc(210)] Closing stream with result -100
Jun 09, 2018 11:47:41.49 [9624:11512:0609/114741.490:ERROR:socket_stream.cc(210)] Closing stream with result -100
Jun 09, 2018 11:52:43.26 [9624:11512:0609/115243.261:ERROR:socket_stream.cc(210)] Closing stream with result -100
Jun 09, 2018 14:55:52.91 [9624:23964:0609/145552.906:ERROR:gcm_channel_status_request.cc(127)] GCM channel request failed.
Jun 09, 2018 14:55:53.24 [9624:2164:0609/145553.248:ERROR:get_updates_processor.cc(244)] PostClientToServerMessage() failed during GetUpdates
Jun 09, 2018 14:55:55.71 [9624:11512:0609/145555.719:ERROR:connection_factory_impl.cc(416)] Failed to connect to MCS endpoint with error -106
Jun 09, 2018 21:13:41.19 [9624:11512:0609/211341.195:ERROR:connection_factory_impl.cc(416)] Failed to connect to MCS endpoint with error -106
Jun 09, 2018 21:13:42.24 [9624:23964:0609/211342.242:ERROR:gcm_channel_status_request.cc(127)] GCM channel request failed.
Jun 09, 2018 21:13:47.25 [9624:2164:0609/211347.224:ERROR:get_updates_processor.cc(244)] PostClientToServerMessage() failed during GetUpdates
Jun 09, 2018 21:15:59.06 [9624:11512:0609/211559.063:ERROR:ssl_client_socket_impl.cc(1098)] handshake failed; returned -1, SSL error code 1, net_error -101
Jun 09, 2018 21:15:59.17 [9624:11512:0609/211559.177:ERROR:ssl_client_socket_impl.cc(1098)] handshake failed; returned -1, SSL error code 1, net_error -101
Jun 09, 2018 21:18:01.58 [9624:23964:0609/211801.580:ERROR:latency_info.cc(164)] Display::DrawAndSwap, LatencyInfo vector size 102 is too big.
Jun 09, 2018 21:18:03.16 [9624:23964:0609/211803.167:ERROR:latency_info.cc(164)] Display::DrawAndSwap, LatencyInfo vector size 102 is too big.
Jun 09, 2018 21:18:04.76 [9624:23964:0609/211804.760:ERROR:latency_info.cc(164)] Display::DrawAndSwap, LatencyInfo vector size 102 is too big.
Jun 09, 2018 21:18:06.35 [9624:23964:0609/211806.349:ERROR:latency_info.cc(164)] Display::DrawAndSwap, LatencyInfo vector size 102 is too big.
Jun 09, 2018 21:18:07.94 [9624:23964:0609/211807.941:ERROR:latency_info.cc(164)] Display::DrawAndSwap, LatencyInfo vector size 102 is too big.
Jun 09, 2018 21:18:09.53 [9624:23964:0609/211809.535:ERROR:latency_info.cc(164)] Display::DrawAndSwap, LatencyInfo vector size 102 is too big.
Jun 09, 2018 21:18:11.13 [9624:23964:0609/211811.130:ERROR:latency_info.cc(164)] Display::DrawAndSwap, LatencyInfo vector size 102 is too big.
Jun 09, 2018 21:18:12.71 [9624:23964:0609/211812.715:ERROR:latency_info.cc(164)] Display::DrawAndSwap, LatencyInfo vector size 102 is too big.
Jun 09, 2018 21:18:14.30 [9624:23964:0609/211814.304:ERROR:latency_info.cc(164)] Display::DrawAndSwap, LatencyInfo vector size 102 is too big.
Jun 09, 2018 21:18:15.89 [9624:23964:0609/211815.891:ERROR:latency_info.cc(164)] Display::DrawAndSwap, LatencyInfo vector size 102 is too big.
Jun 09, 2018 21:18:17.49 [9624:23964:0609/211817.496:ERROR:latency_info.cc(164)] Display::DrawAndSwap, LatencyInfo vector size 102 is too big.
Jun 09, 2018 21:18:19.09 [9624:23964:0609/211819.093:ERROR:latency_info.cc(164)] Display::DrawAndSwap, LatencyInfo vector size 102 is too big.
Jun 09, 2018 21:18:20.67 [9624:23964:0609/211820.675:ERROR:latency_info.cc(164)] Display::DrawAndSwap, LatencyInfo vector size 102 is too big.
Jun 09, 2018 21:18:22.27 [9624:23964:0609/211822.271:ERROR:latency_info.cc(164)] Display::DrawAndSwap, LatencyInfo vector size 102 is too big.
Jun 09, 2018 21:18:23.86 [9624:23964:0609/211823.863:ERROR:latency_info.cc(164)] Display::DrawAndSwap, LatencyInfo vector size 102 is too big.
Jun 09, 2018 21:18:25.45 [9624:23964:0609/211825.458:ERROR:latency_info.cc(164)] Display::DrawAndSwap, LatencyInfo vector size 102 is too big.
Jun 09, 2018 21:18:27.05 [9624:23964:0609/211827.052:ERROR:latency_info.cc(164)] Display::DrawAndSwap, LatencyInfo vector size 102 is too big.
Jun 09, 2018 21:18:28.65 [9624:23964:0609/211828.651:ERROR:latency_info.cc(164)] Display::DrawAndSwap, LatencyInfo vector size 102 is too big.
Jun 09, 2018 21:18:30.24 [9624:23964:0609/211830.240:ERROR:latency_info.cc(164)] Display::DrawAndSwap, LatencyInfo vector size 102 is too big.
Jun 09, 2018 21:18:31.84 [9624:23964:0609/211831.840:ERROR:latency_info.cc(164)] Display::DrawAndSwap, LatencyInfo vector size 102 is too big.
Jun 09, 2018 21:18:33.42 [9624:23964:0609/211833.426:ERROR:latency_info.cc(164)] Display::DrawAndSwap, LatencyInfo vector size 102 is too big.
Jun 09, 2018 21:18:35.02 [9624:23964:0609/211835.020:ERROR:latency_info.cc(164)] Display::DrawAndSwap, LatencyInfo vector size 102 is too big.
Jun 09, 2018 21:18:36.61 [9624:23964:0609/211836.611:ERROR:latency_info.cc(164)] Display::DrawAndSwap, LatencyInfo vector size 102 is too big.
Jun 09, 2018 21:18:38.19 [9624:23964:0609/211838.198:ERROR:latency_info.cc(164)] Display::DrawAndSwap, LatencyInfo vector size 102 is too big.
Jun 09, 2018 21:59:31.25 [9624:23964:0609/215931.237:ERROR:CONSOLE(0)] "Failed to set referrer policy: The value '' is not one of 'no-referrer', 'no-referrer-when-downgrade', 'origin', 'origin-when-cross-origin', 'same-origin', 'strict-origin', 'strict-origin-when-cross-origin', or 'unsafe-url'. The referrer policy has been left unchanged.", source: https://www.filmxy.me/ (0)
Jun 09, 2018 22:02:37.22 [9624:8772:0609/220237.224:ERROR:platform_sensor_reader_win.cc(242)] NOT IMPLEMENTED
Jun 09, 2018 22:02:37.91 [9624:3720:0609/220237.916:ERROR:platform_sensor_reader_win.cc(242)] NOT IMPLEMENTED
Jun 09, 2018 22:02:38.34 [9624:11512:0609/220238.343:ERROR:ssl_client_socket_impl.cc(1098)] handshake failed; returned -1, SSL error code 1, net_error -100
Jun 09, 2018 22:02:38.75 [9624:11512:0609/220238.751:ERROR:ssl_client_socket_impl.cc(1098)] handshake failed; returned -1, SSL error code 1, net_error -100
Jun 09, 2018 22:02:42.00 [9624:5204:0609/220242.006:ERROR:platform_sensor_reader_win.cc(242)] NOT IMPLEMENTED
Jun 09, 2018 22:02:57.79 [9624:2184:0609/220257.794:ERROR:platform_sensor_reader_win.cc(242)] NOT IMPLEMENTED
Jun 09, 2018 22:03:01.54 [9624:11348:0609/220301.545:ERROR:platform_sensor_reader_win.cc(242)] NOT IMPLEMENTED
Jun 09, 2018 22:03:08.75 [9624:7448:0609/220308.759:ERROR:platform_sensor_reader_win.cc(242)] NOT IMPLEMENTED
Jun 09, 2018 22:04:04.77 [9624:12072:0609/220404.777:ERROR:platform_sensor_reader_win.cc(242)] NOT IMPLEMENTED
Jun 09, 2018 22:04:09.29 [9624:11512:0609/220409.296:ERROR:ssl_client_socket_impl.cc(1098)] handshake failed; returned -1, SSL error code 1, net_error -100
Jun 09, 2018 22:04:09.60 [9624:11512:0609/220409.603:ERROR:ssl_client_socket_impl.cc(1098)] handshake failed; returned -1, SSL error code 1, net_error -100
Jun 09, 2018 22:05:55.92 [9624:6956:0609/220555.920:ERROR:platform_sensor_reader_win.cc(242)] NOT IMPLEMENTED
Jun 09, 2018 22:06:00.20 [9624:20412:0609/220600.205:ERROR:platform_sensor_reader_win.cc(242)] NOT IMPLEMENTED
Jun 09, 2018 22:23:10.45 [9624:11512:0609/222310.450:ERROR:socket_stream.cc(210)] Closing stream with result -101
Jun 09, 2018 22:23:12.71 [9624:11512:0609/222312.716:ERROR:connection_factory_impl.cc(416)] Failed to connect to MCS endpoint with error -106
Jun 09, 2018 22:23:39.90 [9624:11512:0609/222339.907:ERROR:connection_factory_impl.cc(416)] Failed to connect to MCS endpoint with error -106
Jun 09, 2018 22:24:20.44 [9624:11512:0609/222420.445:ERROR:connection_factory_impl.cc(416)] Failed to connect to MCS endpoint with error -21
Jun 09, 2018 22:59:53.33 [9624:23288:0609/225953.333:ERROR:platform_sensor_reader_win.cc(242)] NOT IMPLEMENTED
Jun 09, 2018 23:04:46.26 [9624:20852:0609/230446.264:ERROR:platform_sensor_reader_win.cc(242)] NOT IMPLEMENTED
Jun 09, 2018 23:04:51.03 [9624:11524:0609/230451.038:ERROR:platform_sensor_reader_win.cc(242)] NOT IMPLEMENTED
Jun 09, 2018 23:04:56.86 [9624:6604:0609/230456.868:ERROR:platform_sensor_reader_win.cc(242)] NOT IMPLEMENTED
Jun 09, 2018 23:05:03.33 [9624:10580:0609/230503.333:ERROR:platform_sensor_reader_win.cc(242)] NOT IMPLEMENTED
Jun 09, 2018 23:05:10.24 [9624:3544:0609/230510.243:ERROR:platform_sensor_reader_win.cc(242)] NOT IMPLEMENTED
Jun 10, 2018 02:07:57.37 [9624:23964:0610/020757.201:ERROR:gcm_channel_status_request.cc(127)] GCM channel request failed.
Jun 10, 2018 02:07:58.96 [9624:2164:0610/020758.963:ERROR:get_updates_processor.cc(244)] PostClientToServerMessage() failed during GetUpdates
Jun 10, 2018 02:08:01.75 [9624:2164:0610/020801.748:ERROR:get_updates_processor.cc(244)] PostClientToServerMessage() failed during GetUpdates
Jun 10, 2018 16:19:03.20 [9624:2164:0610/161903.123:ERROR:get_updates_processor.cc(244)] PostClientToServerMessage() failed during GetUpdates
Jun 10, 2018 16:19:06.61 [9624:23964:0610/161906.203:ERROR:gcm_channel_status_request.cc(127)] GCM channel request failed.
Jun 10, 2018 16:19:06.61 [9624:11512:0610/161906.207:ERROR:connection_factory_impl.cc(416)] Failed to connect to MCS endpoint with error -21
Jun 10, 2018 16:19:12.88 [9624:11512:0610/161910.510:ERROR:connection_factory_impl.cc(416)] Failed to connect to MCS endpoint with error -21
Jun 10, 2018 16:56:57.10 [9624:11512:0610/165656.951:ERROR:ssl_client_socket_impl.cc(1098)] handshake failed; returned -1, SSL error code 1, net_error -101
Jun 10, 2018 16:56:57.21 [9624:11512:0610/165657.217:ERROR:ssl_client_socket_impl.cc(1098)] handshake failed; returned -1, SSL error code 1, net_error -101

Jun 11, 2018 23:46:09.57 NEW SESSION
Jun 11, 2018 23:46:09.57 [11360:12492:0611/234609.573:ERROR:in_progress_cache_impl.cc(93)] Could not read download entries from file because there was a read failure.
Jun 11, 2018 23:46:09.75 [11360:9764:0611/234609.754:ERROR:in_progress_cache_impl.cc(189)] Cache is not initialized, cannot RetrieveEntry.
Jun 11, 2018 23:46:09.75 [11360:9764:0611/234609.755:ERROR:in_progress_cache_impl.cc(189)] Cache is not initialized, cannot RetrieveEntry.
Jun 11, 2018 23:46:09.75 [11360:9764:0611/234609.755:ERROR:in_progress_cache_impl.cc(189)] Cache is not initialized, cannot RetrieveEntry.
Jun 11, 2018 23:46:09.75 [11360:9764:0611/234609.755:ERROR:in_progress_cache_impl.cc(189)] Cache is not initialized, cannot RetrieveEntry.
Jun 11, 2018 23:46:09.80 [11360:9764:0611/234609.755:ERROR:in_progress_cache_impl.cc(189)] Cache is not initialized, cannot RetrieveEntry.
Jun 11, 2018 23:46:09.80 [11360:9764:0611/234609.755:ERROR:in_progress_cache_impl.cc(189)] Cache is not initialized, cannot RetrieveEntry.
Jun 11, 2018 23:46:09.80 [11360:9764:0611/234609.755:ERROR:in_progress_cache_impl.cc(189)] Cache is not initialized, cannot RetrieveEntry.
Jun 11, 2018 23:46:09.80 [11360:9764:0611/234609.755:ERROR:in_progress_cache_impl.cc(189)] Cache is not initialized, cannot RetrieveEntry.
Jun 11, 2018 23:46:09.80 [11360:9764:0611/234609.755:ERROR:in_progress_cache_impl.cc(189)] Cache is not initialized, cannot RetrieveEntry.
Jun 11, 2018 23:46:09.80 [11360:9764:0611/234609.755:ERROR:in_progress_cache_impl.cc(189)] Cache is not initialized, cannot RetrieveEntry.
Jun 11, 2018 23:46:09.80 [11360:9764:0611/234609.755:ERROR:in_progress_cache_impl.cc(189)] Cache is not initialized, cannot RetrieveEntry.
Jun 11, 2018 23:46:09.81 [11360:9764:0611/234609.755:ERROR:in_progress_cache_impl.cc(189)] Cache is not initialized, cannot RetrieveEntry.
Jun 11, 2018 23:46:09.81 [11360:9764:0611/234609.755:ERROR:in_progress_cache_impl.cc(189)] Cache is not initialized, cannot RetrieveEntry.
Jun 11, 2018 23:46:09.81 [11360:9764:0611/234609.755:ERROR:in_progress_cache_impl.cc(189)] Cache is not initialized, cannot RetrieveEntry.
Jun 11, 2018 23:46:09.81 [11360:9764:0611/234609.755:ERROR:in_progress_cache_impl.cc(189)] Cache is not initialized, cannot RetrieveEntry.
Jun 11, 2018 23:46:09.81 [11360:9764:0611/234609.755:ERROR:in_progress_cache_impl.cc(189)] Cache is not initialized, cannot RetrieveEntry.
Jun 11, 2018 23:46:09.81 [11360:9764:0611/234609.755:ERROR:in_progress_cache_impl.cc(189)] Cache is not initialized, cannot RetrieveEntry.
Jun 11, 2018 23:46:09.81 [11360:9764:0611/234609.755:ERROR:in_progress_cache_impl.cc(189)] Cache is not initialized, cannot RetrieveEntry.
Jun 11, 2018 23:46:09.81 [11360:9764:0611/234609.755:ERROR:in_progress_cache_impl.cc(189)] Cache is not initialized, cannot RetrieveEntry.
Jun 11, 2018 23:46:09.81 [11360:9764:0611/234609.755:ERROR:in_progress_cache_impl.cc(189)] Cache is not initialized, cannot RetrieveEntry.
Jun 11, 2018 23:46:09.81 [11360:9764:0611/234609.755:ERROR:in_progress_cache_impl.cc(189)] Cache is not initialized, cannot RetrieveEntry.
Jun 11, 2018 23:46:09.81 [11360:9764:0611/234609.755:ERROR:in_progress_cache_impl.cc(189)] Cache is not initialized, cannot RetrieveEntry.
Jun 11, 2018 23:46:09.81 [11360:9764:0611/234609.755:ERROR:in_progress_cache_impl.cc(189)] Cache is not initialized, cannot RetrieveEntry.
Jun 11, 2018 23:46:09.82 [11360:9764:0611/234609.755:ERROR:in_progress_cache_impl.cc(189)] Cache is not initialized, cannot RetrieveEntry.
Jun 11, 2018 23:46:09.82 [11360:9764:0611/234609.755:ERROR:in_progress_cache_impl.cc(189)] Cache is not initialized, cannot RetrieveEntry.
Jun 11, 2018 23:46:09.82 [11360:9764:0611/234609.755:ERROR:in_progress_cache_impl.cc(189)] Cache is not initialized, cannot RetrieveEntry.
Jun 11, 2018 23:46:09.82 [11360:9764:0611/234609.755:ERROR:in_progress_cache_impl.cc(189)] Cache is not initialized, cannot RetrieveEntry.
Jun 11, 2018 23:46:09.82 [11360:9764:0611/234609.755:ERROR:in_progress_cache_impl.cc(189)] Cache is not initialized, cannot RetrieveEntry.
Jun 11, 2018 23:46:09.82 [11360:9764:0611/234609.755:ERROR:in_progress_cache_impl.cc(189)] Cache is not initialized, cannot RetrieveEntry.
Jun 11, 2018 23:46:09.82 [11360:9764:0611/234609.756:ERROR:in_progress_cache_impl.cc(189)] Cache is not initialized, cannot RetrieveEntry.
Jun 11, 2018 23:46:09.82 [11360:9764:0611/234609.756:ERROR:in_progress_cache_impl.cc(189)] Cache is not initialized, cannot RetrieveEntry.
Jun 11, 2018 23:46:09.83 [11360:9764:0611/234609.756:ERROR:in_progress_cache_impl.cc(189)] Cache is not initialized, cannot RetrieveEntry.
Jun 11, 2018 23:46:09.83 [11360:9764:0611/234609.756:ERROR:in_progress_cache_impl.cc(189)] Cache is not initialized, cannot RetrieveEntry.
Jun 11, 2018 23:46:09.83 [11360:9764:0611/234609.756:ERROR:in_progress_cache_impl.cc(189)] Cache is not initialized, cannot RetrieveEntry.
Jun 11, 2018 23:46:09.83 [11360:9764:0611/234609.756:ERROR:in_progress_cache_impl.cc(189)] Cache is not initialized, cannot RetrieveEntry.
Jun 11, 2018 23:46:09.83 [11360:9764:0611/234609.756:ERROR:in_progress_cache_impl.cc(189)] Cache is not initialized, cannot RetrieveEntry.
Jun 11, 2018 23:46:09.83 [11360:9764:0611/234609.756:ERROR:in_progress_cache_impl.cc(189)] Cache is not initialized, cannot RetrieveEntry.
Jun 11, 2018 23:46:09.83 [11360:9764:0611/234609.756:ERROR:in_progress_cache_impl.cc(189)] Cache is not initialized, cannot RetrieveEntry.
Jun 11, 2018 23:46:09.83 [11360:9764:0611/234609.756:ERROR:in_progress_cache_impl.cc(189)] Cache is not initialized, cannot RetrieveEntry.
Jun 11, 2018 23:46:09.83 [11360:9764:0611/234609.756:ERROR:in_progress_cache_impl.cc(189)] Cache is not initialized, cannot RetrieveEntry.
Jun 11, 2018 23:46:09.84 [11360:9764:0611/234609.756:ERROR:in_progress_cache_impl.cc(189)] Cache is not initialized, cannot RetrieveEntry.
Jun 11, 2018 23:46:09.84 [11360:9764:0611/234609.756:ERROR:in_progress_cache_impl.cc(189)] Cache is not initialized, cannot RetrieveEntry.
Jun 11, 2018 23:46:09.84 [11360:9764:0611/234609.756:ERROR:in_progress_cache_impl.cc(189)] Cache is not initialized, cannot RetrieveEntry.
Jun 11, 2018 23:46:09.84 [11360:9764:0611/234609.756:ERROR:in_progress_cache_impl.cc(189)] Cache is not initialized, cannot RetrieveEntry.
Jun 11, 2018 23:46:09.84 [11360:9764:0611/234609.756:ERROR:in_progress_cache_impl.cc(189)] Cache is not initialized, cannot RetrieveEntry.
Jun 11, 2018 23:46:09.85 [11360:9764:0611/234609.756:ERROR:in_progress_cache_impl.cc(189)] Cache is not initialized, cannot RetrieveEntry.
Jun 11, 2018 23:46:09.85 [11360:9764:0611/234609.756:ERROR:in_progress_cache_impl.cc(189)] Cache is not initialized, cannot RetrieveEntry.
Jun 11, 2018 23:46:09.85 [11360:9764:0611/234609.756:ERROR:in_progress_cache_impl.cc(189)] Cache is not initialized, cannot RetrieveEntry.
Jun 11, 2018 23:46:09.85 [11360:9764:0611/234609.756:ERROR:in_progress_cache_impl.cc(189)] Cache is not initialized, cannot RetrieveEntry.
Jun 11, 2018 23:46:09.85 [11360:9764:0611/234609.756:ERROR:in_progress_cache_impl.cc(189)] Cache is not initialized, cannot RetrieveEntry.
Jun 11, 2018 23:46:09.85 [11360:9764:0611/234609.756:ERROR:in_progress_cache_impl.cc(189)] Cache is not initialized, cannot RetrieveEntry.
Jun 11, 2018 23:46:09.85 [11360:9764:0611/234609.756:ERROR:in_progress_cache_impl.cc(189)] Cache is not initialized, cannot RetrieveEntry.
Jun 11, 2018 23:46:09.85 [11360:9764:0611/234609.756:ERROR:in_progress_cache_impl.cc(189)] Cache is not initialized, cannot RetrieveEntry.
Jun 11, 2018 23:46:09.85 [11360:9764:0611/234609.756:ERROR:in_progress_cache_impl.cc(189)] Cache is not initialized, cannot RetrieveEntry.
Jun 11, 2018 23:46:09.85 [11360:9764:0611/234609.756:ERROR:in_progress_cache_impl.cc(189)] Cache is not initialized, cannot RetrieveEntry.
Jun 11, 2018 23:46:09.86 [11360:9764:0611/234609.756:ERROR:in_progress_cache_impl.cc(189)] Cache is not initialized, cannot RetrieveEntry.
Jun 11, 2018 23:46:09.86 [11360:9764:0611/234609.756:ERROR:in_progress_cache_impl.cc(189)] Cache is not initialized, cannot RetrieveEntry.
Jun 11, 2018 23:46:09.86 [11360:9764:0611/234609.756:ERROR:in_progress_cache_impl.cc(189)] Cache is not initialized, cannot RetrieveEntry.
Jun 11, 2018 23:46:09.86 [11360:9764:0611/234609.756:ERROR:in_progress_cache_impl.cc(189)] Cache is not initialized, cannot RetrieveEntry.
Jun 11, 2018 23:46:09.86 [11360:9764:0611/234609.818:ERROR:in_progress_cache_impl.cc(189)] Cache is not initialized, cannot RetrieveEntry.
Jun 11, 2018 23:46:09.86 [11360:9764:0611/234609.818:ERROR:in_progress_cache_impl.cc(189)] Cache is not initialized, cannot RetrieveEntry.
Jun 11, 2018 23:46:09.87 [11360:9764:0611/234609.818:ERROR:in_progress_cache_impl.cc(189)] Cache is not initialized, cannot RetrieveEntry.
Jun 11, 2018 23:46:09.87 [11360:9764:0611/234609.818:ERROR:in_progress_cache_impl.cc(189)] Cache is not initialized, cannot RetrieveEntry.
Jun 11, 2018 23:46:09.87 [11360:9764:0611/234609.818:ERROR:in_progress_cache_impl.cc(189)] Cache is not initialized, cannot RetrieveEntry.
Jun 11, 2018 23:46:09.87 [11360:9764:0611/234609.818:ERROR:in_progress_cache_impl.cc(189)] Cache is not initialized, cannot RetrieveEntry.
Jun 11, 2018 23:46:09.87 [11360:9764:0611/234609.819:ERROR:in_progress_cache_impl.cc(189)] Cache is not initialized, cannot RetrieveEntry.
Jun 11, 2018 23:46:09.87 [11360:9764:0611/234609.819:ERROR:in_progress_cache_impl.cc(189)] Cache is not initialized, cannot RetrieveEntry.
Jun 11, 2018 23:46:09.87 [11360:9764:0611/234609.819:ERROR:in_progress_cache_impl.cc(189)] Cache is not initialized, cannot RetrieveEntry.
Jun 11, 2018 23:46:09.87 [11360:9764:0611/234609.819:ERROR:in_progress_cache_impl.cc(189)] Cache is not initialized, cannot RetrieveEntry.
Jun 11, 2018 23:46:09.87 [11360:9764:0611/234609.819:ERROR:in_progress_cache_impl.cc(189)] Cache is not initialized, cannot RetrieveEntry.
Jun 11, 2018 23:46:09.87 [11360:9764:0611/234609.819:ERROR:in_progress_cache_impl.cc(189)] Cache is not initialized, cannot RetrieveEntry.
Jun 11, 2018 23:46:09.87 [11360:9764:0611/234609.819:ERROR:in_progress_cache_impl.cc(189)] Cache is not initialized, cannot RetrieveEntry.
Jun 11, 2018 23:46:09.87 [11360:9764:0611/234609.819:ERROR:in_progress_cache_impl.cc(189)] Cache is not initialized, cannot RetrieveEntry.
Jun 11, 2018 23:46:09.88 [11360:9764:0611/234609.819:ERROR:in_progress_cache_impl.cc(189)] Cache is not initialized, cannot RetrieveEntry.
Jun 11, 2018 23:46:09.88 [11360:9764:0611/234609.819:ERROR:in_progress_cache_impl.cc(189)] Cache is not initialized, cannot RetrieveEntry.
Jun 11, 2018 23:46:09.88 [11360:9764:0611/234609.819:ERROR:in_progress_cache_impl.cc(189)] Cache is not initialized, cannot RetrieveEntry.
Jun 11, 2018 23:46:09.88 [11360:9764:0611/234609.819:ERROR:in_progress_cache_impl.cc(189)] Cache is not initialized, cannot RetrieveEntry.
Jun 11, 2018 23:46:09.88 [11360:9764:0611/234609.819:ERROR:in_progress_cache_impl.cc(189)] Cache is not initialized, cannot RetrieveEntry.
Jun 11, 2018 23:46:09.88 [11360:9764:0611/234609.819:ERROR:in_progress_cache_impl.cc(189)] Cache is not initialized, cannot RetrieveEntry.
Jun 11, 2018 23:46:09.88 [11360:9764:0611/234609.819:ERROR:in_progress_cache_impl.cc(189)] Cache is not initialized, cannot RetrieveEntry.
Jun 11, 2018 23:46:09.88 [11360:9764:0611/234609.819:ERROR:in_progress_cache_impl.cc(189)] Cache is not initialized, cannot RetrieveEntry.
Jun 11, 2018 23:46:09.88 [11360:9764:0611/234609.819:ERROR:in_progress_cache_impl.cc(189)] Cache is not initialized, cannot RetrieveEntry.
Jun 11, 2018 23:46:09.91 [11360:9764:0611/234609.819:ERROR:in_progress_cache_impl.cc(189)] Cache is not initialized, cannot RetrieveEntry.
Jun 11, 2018 23:46:09.91 [11360:9764:0611/234609.819:ERROR:in_progress_cache_impl.cc(189)] Cache is not initialized, cannot RetrieveEntry.
Jun 11, 2018 23:46:09.91 [11360:9764:0611/234609.819:ERROR:in_progress_cache_impl.cc(189)] Cache is not initialized, cannot RetrieveEntry.
Jun 11, 2018 23:46:09.91 [11360:9764:0611/234609.820:ERROR:in_progress_cache_impl.cc(189)] Cache is not initialized, cannot RetrieveEntry.
Jun 11, 2018 23:46:09.91 [11360:9764:0611/234609.820:ERROR:in_progress_cache_impl.cc(189)] Cache is not initialized, cannot RetrieveEntry.
Jun 11, 2018 23:46:09.91 [11360:9764:0611/234609.820:ERROR:in_progress_cache_impl.cc(189)] Cache is not initialized, cannot RetrieveEntry.
Jun 11, 2018 23:46:09.91 [11360:9764:0611/234609.820:ERROR:in_progress_cache_impl.cc(189)] Cache is not initialized, cannot RetrieveEntry.
Jun 11, 2018 23:46:09.91 [11360:9764:0611/234609.820:ERROR:in_progress_cache_impl.cc(189)] Cache is not initialized, cannot RetrieveEntry.
Jun 11, 2018 23:46:09.91 [11360:9764:0611/234609.820:ERROR:in_progress_cache_impl.cc(189)] Cache is not initialized, cannot RetrieveEntry.
Jun 11, 2018 23:46:09.91 [11360:9764:0611/234609.820:ERROR:in_progress_cache_impl.cc(189)] Cache is not initialized, cannot RetrieveEntry.
Jun 11, 2018 23:46:09.91 [11360:9764:0611/234609.820:ERROR:in_progress_cache_impl.cc(189)] Cache is not initialized, cannot RetrieveEntry.
Jun 11, 2018 23:46:09.91 [11360:9764:0611/234609.820:ERROR:in_progress_cache_impl.cc(189)] Cache is not initialized, cannot RetrieveEntry.
Jun 11, 2018 23:46:09.92 [11360:9764:0611/234609.820:ERROR:in_progress_cache_impl.cc(189)] Cache is not initialized, cannot RetrieveEntry.
Jun 11, 2018 23:46:09.92 [11360:9764:0611/234609.862:ERROR:in_progress_cache_impl.cc(189)] Cache is not initialized, cannot RetrieveEntry.
Jun 11, 2018 23:46:09.92 [11360:9764:0611/234609.862:ERROR:in_progress_cache_impl.cc(189)] Cache is not initialized, cannot RetrieveEntry.
Jun 11, 2018 23:46:09.92 [11360:9764:0611/234609.862:ERROR:in_progress_cache_impl.cc(189)] Cache is not initialized, cannot RetrieveEntry.
Jun 11, 2018 23:46:09.92 [11360:9764:0611/234609.862:ERROR:in_progress_cache_impl.cc(189)] Cache is not initialized, cannot RetrieveEntry.
Jun 11, 2018 23:46:09.92 [11360:9764:0611/234609.862:ERROR:in_progress_cache_impl.cc(189)] Cache is not initialized, cannot RetrieveEntry.
Jun 11, 2018 23:46:09.92 [11360:9764:0611/234609.862:ERROR:in_progress_cache_impl.cc(189)] Cache is not initialized, cannot RetrieveEntry.
Jun 11, 2018 23:46:09.92 [11360:9764:0611/234609.862:ERROR:in_progress_cache_impl.cc(189)] Cache is not initialized, cannot RetrieveEntry.
Jun 11, 2018 23:46:09.92 [11360:9764:0611/234609.862:ERROR:in_progress_cache_impl.cc(189)] Cache is not initialized, cannot RetrieveEntry.
Jun 11, 2018 23:46:09.92 [11360:9764:0611/234609.862:ERROR:in_progress_cache_impl.cc(189)] Cache is not initialized, cannot RetrieveEntry.
Jun 11, 2018 23:46:09.92 [11360:9764:0611/234609.863:ERROR:in_progress_cache_impl.cc(189)] Cache is not initialized, cannot RetrieveEntry.
Jun 11, 2018 23:46:09.92 [11360:9764:0611/234609.863:ERROR:in_progress_cache_impl.cc(189)] Cache is not initialized, cannot RetrieveEntry.
Jun 11, 2018 23:46:09.92 [11360:9764:0611/234609.863:ERROR:in_progress_cache_impl.cc(189)] Cache is not initialized, cannot RetrieveEntry.
Jun 11, 2018 23:46:09.92 [11360:9764:0611/234609.863:ERROR:in_progress_cache_impl.cc(189)] Cache is not initialized, cannot RetrieveEntry.
Jun 11, 2018 23:46:09.92 [11360:9764:0611/234609.863:ERROR:in_progress_cache_impl.cc(189)] Cache is not initialized, cannot RetrieveEntry.
Jun 11, 2018 23:46:09.92 [11360:9764:0611/234609.863:ERROR:in_progress_cache_impl.cc(189)] Cache is not initialized, cannot RetrieveEntry.
Jun 11, 2018 23:46:09.92 [11360:9764:0611/234609.863:ERROR:in_progress_cache_impl.cc(189)] Cache is not initialized, cannot RetrieveEntry.
Jun 11, 2018 23:46:09.92 [11360:9764:0611/234609.863:ERROR:in_progress_cache_impl.cc(189)] Cache is not initialized, cannot RetrieveEntry.
Jun 11, 2018 23:46:09.92 [11360:9764:0611/234609.863:ERROR:in_progress_cache_impl.cc(189)] Cache is not initialized, cannot RetrieveEntry.
Jun 11, 2018 23:46:09.92 [11360:9764:0611/234609.863:ERROR:in_progress_cache_impl.cc(189)] Cache is not initialized, cannot RetrieveEntry.
Jun 11, 2018 23:46:09.92 [11360:9764:0611/234609.863:ERROR:in_progress_cache_impl.cc(189)] Cache is not initialized, cannot RetrieveEntry.
Jun 11, 2018 23:46:09.93 [11360:9764:0611/234609.863:ERROR:in_progress_cache_impl.cc(189)] Cache is not initialized, cannot RetrieveEntry.
Jun 11, 2018 23:46:09.93 [11360:9764:0611/234609.863:ERROR:in_progress_cache_impl.cc(189)] Cache is not initialized, cannot RetrieveEntry.
Jun 11, 2018 23:46:09.93 [11360:9764:0611/234609.863:ERROR:in_progress_cache_impl.cc(189)] Cache is not initialized, cannot RetrieveEntry.
Jun 11, 2018 23:46:09.93 [11360:9764:0611/234609.863:ERROR:in_progress_cache_impl.cc(189)] Cache is not initialized, cannot RetrieveEntry.
Jun 11, 2018 23:46:09.93 [11360:9764:0611/234609.863:ERROR:in_progress_cache_impl.cc(189)] Cache is not initialized, cannot RetrieveEntry.
Jun 11, 2018 23:46:09.93 [11360:9764:0611/234609.863:ERROR:in_progress_cache_impl.cc(189)] Cache is not initialized, cannot RetrieveEntry.
Jun 11, 2018 23:46:09.93 [11360:9764:0611/234609.863:ERROR:in_progress_cache_impl.cc(189)] Cache is not initialized, cannot RetrieveEntry.
Jun 11, 2018 23:46:09.93 [11360:9764:0611/234609.863:ERROR:in_progress_cache_impl.cc(189)] Cache is not initialized, cannot RetrieveEntry.
Jun 11, 2018 23:46:09.93 [11360:9764:0611/234609.863:ERROR:in_progress_cache_impl.cc(189)] Cache is not initialized, cannot RetrieveEntry.
Jun 11, 2018 23:46:09.93 [11360:9764:0611/234609.863:ERROR:in_progress_cache_impl.cc(189)] Cache is not initialized, cannot RetrieveEntry.
Jun 11, 2018 23:46:09.93 [11360:9764:0611/234609.863:ERROR:in_progress_cache_impl.cc(189)] Cache is not initialized, cannot RetrieveEntry.
Jun 11, 2018 23:46:09.93 [11360:9764:0611/234609.863:ERROR:in_progress_cache_impl.cc(189)] Cache is not initialized, cannot RetrieveEntry.
Jun 11, 2018 23:46:09.93 [11360:9764:0611/234609.863:ERROR:in_progress_cache_impl.cc(189)] Cache is not initialized, cannot RetrieveEntry.
Jun 11, 2018 23:46:09.93 [11360:9764:0611/234609.863:ERROR:in_progress_cache_impl.cc(189)] Cache is not initialized, cannot RetrieveEntry.
Jun 11, 2018 23:46:09.93 [11360:9764:0611/234609.863:ERROR:in_progress_cache_impl.cc(189)] Cache is not initialized, cannot RetrieveEntry.
Jun 11, 2018 23:46:09.93 [11360:9764:0611/234609.863:ERROR:in_progress_cache_impl.cc(189)] Cache is not initialized, cannot RetrieveEntry.
Jun 11, 2018 23:46:09.93 [11360:9764:0611/234609.863:ERROR:in_progress_cache_impl.cc(189)] Cache is not initialized, cannot RetrieveEntry.
Jun 11, 2018 23:46:09.93 [11360:9764:0611/234609.863:ERROR:in_progress_cache_impl.cc(189)] Cache is not initialized, cannot RetrieveEntry.
Jun 11, 2018 23:46:09.93 [11360:9764:0611/234609.863:ERROR:in_progress_cache_impl.cc(189)] Cache is not initialized, cannot RetrieveEntry.
Jun 11, 2018 23:46:09.93 [11360:9764:0611/234609.863:ERROR:in_progress_cache_impl.cc(189)] Cache is not initialized, cannot RetrieveEntry.
Jun 11, 2018 23:46:09.93 [11360:9764:0611/234609.863:ERROR:in_progress_cache_impl.cc(189)] Cache is not initialized, cannot RetrieveEntry.
Jun 11, 2018 23:46:09.93 [11360:9764:0611/234609.864:ERROR:in_progress_cache_impl.cc(189)] Cache is not initialized, cannot RetrieveEntry.
Jun 11, 2018 23:46:09.93 [11360:9764:0611/234609.864:ERROR:in_progress_cache_impl.cc(189)] Cache is not initialized, cannot RetrieveEntry.
Jun 11, 2018 23:46:09.93 [11360:9764:0611/234609.864:ERROR:in_progress_cache_impl.cc(189)] Cache is not initialized, cannot RetrieveEntry.
Jun 11, 2018 23:46:09.93 [11360:9764:0611/234609.864:ERROR:in_progress_cache_impl.cc(189)] Cache is not initialized, cannot RetrieveEntry.
Jun 11, 2018 23:46:09.93 [11360:9764:0611/234609.864:ERROR:in_progress_cache_impl.cc(189)] Cache is not initialized, cannot RetrieveEntry.
Jun 11, 2018 23:46:09.93 [11360:9764:0611/234609.864:ERROR:in_progress_cache_impl.cc(189)] Cache is not initialized, cannot RetrieveEntry.
Jun 11, 2018 23:46:09.94 [11360:9764:0611/234609.864:ERROR:in_progress_cache_impl.cc(189)] Cache is not initialized, cannot RetrieveEntry.
Jun 11, 2018 23:46:09.94 [11360:9764:0611/234609.864:ERROR:in_progress_cache_impl.cc(189)] Cache is not initialized, cannot RetrieveEntry.
Jun 11, 2018 23:46:09.94 [11360:9764:0611/234609.864:ERROR:in_progress_cache_impl.cc(189)] Cache is not initialized, cannot RetrieveEntry.
Jun 11, 2018 23:46:09.94 [11360:9764:0611/234609.864:ERROR:in_progress_cache_impl.cc(189)] Cache is not initialized, cannot RetrieveEntry.
Jun 11, 2018 23:46:09.94 [11360:9764:0611/234609.864:ERROR:in_progress_cache_impl.cc(189)] Cache is not initialized, cannot RetrieveEntry.
Jun 11, 2018 23:46:09.94 [11360:9764:0611/234609.864:ERROR:in_progress_cache_impl.cc(189)] Cache is not initialized, cannot RetrieveEntry.
Jun 11, 2018 23:46:09.94 [11360:9764:0611/234609.864:ERROR:in_progress_cache_impl.cc(189)] Cache is not initialized, cannot RetrieveEntry.
Jun 11, 2018 23:46:09.94 [11360:9764:0611/234609.864:ERROR:in_progress_cache_impl.cc(189)] Cache is not initialized, cannot RetrieveEntry.
Jun 11, 2018 23:46:09.94 [11360:9764:0611/234609.864:ERROR:in_progress_cache_impl.cc(189)] Cache is not initialized, cannot RetrieveEntry.
Jun 11, 2018 23:46:09.94 [11360:9764:0611/234609.864:ERROR:in_progress_cache_impl.cc(189)] Cache is not initialized, cannot RetrieveEntry.
Jun 11, 2018 23:46:09.94 [11360:9764:0611/234609.864:ERROR:in_progress_cache_impl.cc(189)] Cache is not initialized, cannot RetrieveEntry.
Jun 11, 2018 23:46:09.94 [11360:9764:0611/234609.864:ERROR:in_progress_cache_impl.cc(189)] Cache is not initialized, cannot RetrieveEntry.
Jun 11, 2018 23:46:09.94 [11360:9764:0611/234609.864:ERROR:in_progress_cache_impl.cc(189)] Cache is not initialized, cannot RetrieveEntry.
Jun 11, 2018 23:46:09.96 [11360:9764:0611/234609.864:ERROR:in_progress_cache_impl.cc(189)] Cache is not initialized, cannot RetrieveEntry.
Jun 11, 2018 23:46:09.96 [11360:9764:0611/234609.864:ERROR:in_progress_cache_impl.cc(189)] Cache is not initialized, cannot RetrieveEntry.
Jun 11, 2018 23:46:09.96 [11360:9764:0611/234609.864:ERROR:in_progress_cache_impl.cc(189)] Cache is not initialized, cannot RetrieveEntry.
Jun 11, 2018 23:46:09.96 [11360:9764:0611/234609.864:ERROR:in_progress_cache_impl.cc(189)] Cache is not initialized, cannot RetrieveEntry.
Jun 11, 2018 23:46:09.96 [11360:9764:0611/234609.864:ERROR:in_progress_cache_impl.cc(189)] Cache is not initialized, cannot RetrieveEntry.
Jun 11, 2018 23:46:09.96 [11360:9764:0611/234609.864:ERROR:in_progress_cache_impl.cc(189)] Cache is not initialized, cannot RetrieveEntry.
Jun 11, 2018 23:46:09.96 [11360:9764:0611/234609.864:ERROR:in_progress_cache_impl.cc(189)] Cache is not initialized, cannot RetrieveEntry.
Jun 11, 2018 23:46:09.96 [11360:9764:0611/234609.864:ERROR:in_progress_cache_impl.cc(189)] Cache is not initialized, cannot RetrieveEntry.
Jun 11, 2018 23:46:09.96 [11360:9764:0611/234609.864:ERROR:in_progress_cache_impl.cc(189)] Cache is not initialized, cannot RetrieveEntry.
Jun 11, 2018 23:46:09.96 [11360:9764:0611/234609.865:ERROR:in_progress_cache_impl.cc(189)] Cache is not initialized, cannot RetrieveEntry.
Jun 11, 2018 23:46:09.96 [11360:9764:0611/234609.865:ERROR:in_progress_cache_impl.cc(189)] Cache is not initialized, cannot RetrieveEntry.
Jun 11, 2018 23:46:09.96 [11360:9764:0611/234609.865:ERROR:in_progress_cache_impl.cc(189)] Cache is not initialized, cannot RetrieveEntry.
Jun 11, 2018 23:46:09.97 [11360:9764:0611/234609.935:ERROR:in_progress_cache_impl.cc(189)] Cache is not initialized, cannot RetrieveEntry.
Jun 11, 2018 23:46:09.97 [11360:9764:0611/234609.935:ERROR:in_progress_cache_impl.cc(189)] Cache is not initialized, cannot RetrieveEntry.
Jun 11, 2018 23:46:09.97 [11360:9764:0611/234609.935:ERROR:in_progress_cache_impl.cc(189)] Cache is not initialized, cannot RetrieveEntry.
Jun 11, 2018 23:46:09.97 [11360:9764:0611/234609.935:ERROR:in_progress_cache_impl.cc(189)] Cache is not initialized, cannot RetrieveEntry.
Jun 11, 2018 23:46:09.97 [11360:9764:0611/234609.935:ERROR:in_progress_cache_impl.cc(189)] Cache is not initialized, cannot RetrieveEntry.
Jun 11, 2018 23:46:09.97 [11360:9764:0611/234609.936:ERROR:in_progress_cache_impl.cc(189)] Cache is not initialized, cannot RetrieveEntry.
Jun 11, 2018 23:46:09.97 [11360:9764:0611/234609.936:ERROR:in_progress_cache_impl.cc(189)] Cache is not initialized, cannot RetrieveEntry.
Jun 11, 2018 23:46:09.97 [11360:9764:0611/234609.936:ERROR:in_progress_cache_impl.cc(189)] Cache is not initialized, cannot RetrieveEntry.
Jun 11, 2018 23:46:09.97 [11360:9764:0611/234609.936:ERROR:in_progress_cache_impl.cc(189)] Cache is not initialized, cannot RetrieveEntry.
Jun 11, 2018 23:46:09.97 [11360:9764:0611/234609.936:ERROR:in_progress_cache_impl.cc(189)] Cache is not initialized, cannot RetrieveEntry.
Jun 11, 2018 23:46:09.97 [11360:9764:0611/234609.936:ERROR:in_progress_cache_impl.cc(189)] Cache is not initialized, cannot RetrieveEntry.
Jun 11, 2018 23:46:09.97 [11360:9764:0611/234609.936:ERROR:in_progress_cache_impl.cc(189)] Cache is not initialized, cannot RetrieveEntry.
Jun 11, 2018 23:46:09.97 [11360:9764:0611/234609.936:ERROR:in_progress_cache_impl.cc(189)] Cache is not initialized, cannot RetrieveEntry.
Jun 11, 2018 23:46:09.97 [11360:9764:0611/234609.936:ERROR:in_progress_cache_impl.cc(189)] Cache is not initialized, cannot RetrieveEntry.
Jun 11, 2018 23:46:09.97 [11360:9764:0611/234609.936:ERROR:in_progress_cache_impl.cc(189)] Cache is not initialized, cannot RetrieveEntry.
Jun 11, 2018 23:46:09.97 [11360:9764:0611/234609.936:ERROR:in_progress_cache_impl.cc(189)] Cache is not initialized, cannot RetrieveEntry.
Jun 11, 2018 23:46:09.97 [11360:9764:0611/234609.936:ERROR:in_progress_cache_impl.cc(189)] Cache is not initialized, cannot RetrieveEntry.
Jun 11, 2018 23:46:09.98 [11360:9764:0611/234609.936:ERROR:in_progress_cache_impl.cc(189)] Cache is not initialized, cannot RetrieveEntry.
Jun 11, 2018 23:46:09.98 [11360:9764:0611/234609.936:ERROR:in_progress_cache_impl.cc(189)] Cache is not initialized, cannot RetrieveEntry.
Jun 11, 2018 23:46:09.98 [11360:9764:0611/234609.936:ERROR:in_progress_cache_impl.cc(189)] Cache is not initialized, cannot RetrieveEntry.
Jun 11, 2018 23:46:09.98 [11360:9764:0611/234609.936:ERROR:in_progress_cache_impl.cc(189)] Cache is not initialized, cannot RetrieveEntry.
Jun 11, 2018 23:46:09.98 [11360:9764:0611/234609.936:ERROR:in_progress_cache_impl.cc(189)] Cache is not initialized, cannot RetrieveEntry.
Jun 11, 2018 23:46:09.98 [11360:9764:0611/234609.936:ERROR:in_progress_cache_impl.cc(189)] Cache is not initialized, cannot RetrieveEntry.
Jun 11, 2018 23:46:09.98 [11360:9764:0611/234609.936:ERROR:in_progress_cache_impl.cc(189)] Cache is not initialized, cannot RetrieveEntry.
Jun 11, 2018 23:46:09.98 [11360:9764:0611/234609.936:ERROR:in_progress_cache_impl.cc(189)] Cache is not initialized, cannot RetrieveEntry.
Jun 11, 2018 23:46:09.98 [11360:9764:0611/234609.936:ERROR:in_progress_cache_impl.cc(189)] Cache is not initialized, cannot RetrieveEntry.
Jun 11, 2018 23:46:09.98 [11360:9764:0611/234609.936:ERROR:in_progress_cache_impl.cc(189)] Cache is not initialized, cannot RetrieveEntry.
Jun 11, 2018 23:46:09.98 [11360:9764:0611/234609.936:ERROR:in_progress_cache_impl.cc(189)] Cache is not initialized, cannot RetrieveEntry.
Jun 11, 2018 23:46:09.98 [11360:9764:0611/234609.936:ERROR:in_progress_cache_impl.cc(189)] Cache is not initialized, cannot RetrieveEntry.
Jun 11, 2018 23:46:09.98 [11360:9764:0611/234609.936:ERROR:in_progress_cache_impl.cc(189)] Cache is not initialized, cannot RetrieveEntry.
Jun 11, 2018 23:46:09.98 [11360:9764:0611/234609.936:ERROR:in_progress_cache_impl.cc(189)] Cache is not initialized, cannot RetrieveEntry.
Jun 11, 2018 23:46:09.98 [11360:9764:0611/234609.936:ERROR:in_progress_cache_impl.cc(189)] Cache is not initialized, cannot RetrieveEntry.
Jun 11, 2018 23:46:09.98 [11360:9764:0611/234609.936:ERROR:in_progress_cache_impl.cc(189)] Cache is not initialized, cannot RetrieveEntry.
Jun 11, 2018 23:46:09.98 [11360:9764:0611/234609.936:ERROR:in_progress_cache_impl.cc(189)] Cache is not initialized, cannot RetrieveEntry.
Jun 11, 2018 23:46:09.98 [11360:9764:0611/234609.936:ERROR:in_progress_cache_impl.cc(189)] Cache is not initialized, cannot RetrieveEntry.
Jun 11, 2018 23:46:09.98 [11360:9764:0611/234609.936:ERROR:in_progress_cache_impl.cc(189)] Cache is not initialized, cannot RetrieveEntry.
Jun 11, 2018 23:46:09.98 [11360:9764:0611/234609.970:ERROR:in_progress_cache_impl.cc(189)] Cache is not initialized, cannot RetrieveEntry.
Jun 11, 2018 23:46:09.98 [11360:9764:0611/234609.970:ERROR:in_progress_cache_impl.cc(189)] Cache is not initialized, cannot RetrieveEntry.
Jun 11, 2018 23:46:09.98 [11360:9764:0611/234609.970:ERROR:in_progress_cache_impl.cc(189)] Cache is not initialized, cannot RetrieveEntry.
Jun 11, 2018 23:46:09.98 [11360:9764:0611/234609.970:ERROR:in_progress_cache_impl.cc(189)] Cache is not initialized, cannot RetrieveEntry.
Jun 11, 2018 23:46:09.98 [11360:9764:0611/234609.970:ERROR:in_progress_cache_impl.cc(189)] Cache is not initialized, cannot RetrieveEntry.
Jun 11, 2018 23:46:09.98 [11360:9764:0611/234609.970:ERROR:in_progress_cache_impl.cc(189)] Cache is not initialized, cannot RetrieveEntry.
Jun 11, 2018 23:46:09.98 [11360:9764:0611/234609.970:ERROR:in_progress_cache_impl.cc(189)] Cache is not initialized, cannot RetrieveEntry.
Jun 11, 2018 23:46:09.99 [11360:9764:0611/234609.970:ERROR:in_progress_cache_impl.cc(189)] Cache is not initialized, cannot RetrieveEntry.
Jun 11, 2018 23:46:09.99 [11360:9764:0611/234609.970:ERROR:in_progress_cache_impl.cc(189)] Cache is not initialized, cannot RetrieveEntry.
Jun 11, 2018 23:46:09.99 [11360:9764:0611/234609.970:ERROR:in_progress_cache_impl.cc(189)] Cache is not initialized, cannot RetrieveEntry.
Jun 11, 2018 23:46:09.99 [11360:9764:0611/234609.970:ERROR:in_progress_cache_impl.cc(189)] Cache is not initialized, cannot RetrieveEntry.
Jun 11, 2018 23:46:09.99 [11360:9764:0611/234609.970:ERROR:in_progress_cache_impl.cc(189)] Cache is not initialized, cannot RetrieveEntry.
Jun 11, 2018 23:46:09.99 [11360:9764:0611/234609.970:ERROR:in_progress_cache_impl.cc(189)] Cache is not initialized, cannot RetrieveEntry.
Jun 11, 2018 23:46:09.99 [11360:9764:0611/234609.970:ERROR:in_progress_cache_impl.cc(189)] Cache is not initialized, cannot RetrieveEntry.
Jun 11, 2018 23:46:09.99 [11360:9764:0611/234609.970:ERROR:in_progress_cache_impl.cc(189)] Cache is not initialized, cannot RetrieveEntry.
Jun 11, 2018 23:46:09.99 [11360:9764:0611/234609.970:ERROR:in_progress_cache_impl.cc(189)] Cache is not initialized, cannot RetrieveEntry.
Jun 11, 2018 23:46:09.99 [11360:9764:0611/234609.970:ERROR:in_progress_cache_impl.cc(189)] Cache is not initialized, cannot RetrieveEntry.
Jun 11, 2018 23:46:09.99 [11360:9764:0611/234609.970:ERROR:in_progress_cache_impl.cc(189)] Cache is not initialized, cannot RetrieveEntry.
Jun 11, 2018 23:46:09.99 [11360:9764:0611/234609.970:ERROR:in_progress_cache_impl.cc(189)] Cache is not initialized, cannot RetrieveEntry.
Jun 11, 2018 23:46:09.99 [11360:9764:0611/234609.970:ERROR:in_progress_cache_impl.cc(189)] Cache is not initialized, cannot RetrieveEntry.
Jun 11, 2018 23:46:09.99 [11360:9764:0611/234609.970:ERROR:in_progress_cache_impl.cc(189)] Cache is not initialized, cannot RetrieveEntry.
Jun 11, 2018 23:46:10.00 [11360:9764:0611/234609.970:ERROR:in_progress_cache_impl.cc(189)] Cache is not initialized, cannot RetrieveEntry.
Jun 11, 2018 23:46:10.00 [11360:9764:0611/234609.970:ERROR:in_progress_cache_impl.cc(189)] Cache is not initialized, cannot RetrieveEntry.
Jun 11, 2018 23:46:10.00 [11360:9764:0611/234609.970:ERROR:in_progress_cache_impl.cc(189)] Cache is not initialized, cannot RetrieveEntry.
Jun 11, 2018 23:46:10.00 [11360:9764:0611/234609.970:ERROR:in_progress_cache_impl.cc(189)] Cache is not initialized, cannot RetrieveEntry.
Jun 11, 2018 23:46:10.00 [11360:9764:0611/234609.970:ERROR:in_progress_cache_impl.cc(189)] Cache is not initialized, cannot RetrieveEntry.
Jun 11, 2018 23:46:10.00 [11360:9764:0611/234609.970:ERROR:in_progress_cache_impl.cc(189)] Cache is not initialized, cannot RetrieveEntry.
Jun 11, 2018 23:46:10.00 [11360:9764:0611/234609.970:ERROR:in_progress_cache_impl.cc(189)] Cache is not initialized, cannot RetrieveEntry.
Jun 11, 2018 23:46:10.00 [11360:9764:0611/234609.970:ERROR:in_progress_cache_impl.cc(189)] Cache is not initialized, cannot RetrieveEntry.
Jun 11, 2018 23:46:10.00 [11360:9764:0611/234609.970:ERROR:in_progress_cache_impl.cc(189)] Cache is not initialized, cannot RetrieveEntry.
Jun 11, 2018 23:46:10.00 [11360:9764:0611/234609.970:ERROR:in_progress_cache_impl.cc(189)] Cache is not initialized, cannot RetrieveEntry.
Jun 11, 2018 23:46:10.00 [11360:9764:0611/234609.971:ERROR:in_progress_cache_impl.cc(189)] Cache is not initialized, cannot RetrieveEntry.
Jun 11, 2018 23:46:10.00 [11360:9764:0611/234609.971:ERROR:in_progress_cache_impl.cc(189)] Cache is not initialized, cannot RetrieveEntry.
Jun 11, 2018 23:46:10.00 [11360:9764:0611/234609.971:ERROR:in_progress_cache_impl.cc(189)] Cache is not initialized, cannot RetrieveEntry.
Jun 11, 2018 23:46:10.00 [11360:9764:0611/234609.971:ERROR:in_progress_cache_impl.cc(189)] Cache is not initialized, cannot RetrieveEntry.
Jun 11, 2018 23:46:10.00 [11360:9764:0611/234609.971:ERROR:in_progress_cache_impl.cc(189)] Cache is not initialized, cannot RetrieveEntry.
Jun 11, 2018 23:46:10.00 [11360:9764:0611/234609.971:ERROR:in_progress_cache_impl.cc(189)] Cache is not initialized, cannot RetrieveEntry.
Jun 11, 2018 23:46:10.00 [11360:9764:0611/234609.971:ERROR:in_progress_cache_impl.cc(189)] Cache is not initialized, cannot RetrieveEntry.
Jun 11, 2018 23:46:10.01 [11360:9764:0611/234609.971:ERROR:in_progress_cache_impl.cc(189)] Cache is not initialized, cannot RetrieveEntry.
Jun 11, 2018 23:46:10.01 [11360:9764:0611/234609.971:ERROR:in_progress_cache_impl.cc(189)] Cache is not initialized, cannot RetrieveEntry.
Jun 11, 2018 23:46:10.01 [11360:9764:0611/234609.971:ERROR:in_progress_cache_impl.cc(189)] Cache is not initialized, cannot RetrieveEntry.
Jun 11, 2018 23:46:10.01 [11360:9764:0611/234609.971:ERROR:in_progress_cache_impl.cc(189)] Cache is not initialized, cannot RetrieveEntry.
Jun 11, 2018 23:46:10.01 [11360:9764:0611/234609.971:ERROR:in_progress_cache_impl.cc(189)] Cache is not initialized, cannot RetrieveEntry.
Jun 11, 2018 23:46:10.01 [11360:9764:0611/234609.971:ERROR:in_progress_cache_impl.cc(189)] Cache is not initialized, cannot RetrieveEntry.
Jun 11, 2018 23:46:10.01 [11360:9764:0611/234609.971:ERROR:in_progress_cache_impl.cc(189)] Cache is not initialized, cannot RetrieveEntry.
Jun 11, 2018 23:46:10.01 [11360:9764:0611/234609.971:ERROR:in_progress_cache_impl.cc(189)] Cache is not initialized, cannot RetrieveEntry.
Jun 11, 2018 23:46:10.01 [11360:9764:0611/234609.971:ERROR:in_progress_cache_impl.cc(189)] Cache is not initialized, cannot RetrieveEntry.
Jun 11, 2018 23:46:10.01 [11360:9764:0611/234609.971:ERROR:in_progress_cache_impl.cc(189)] Cache is not initialized, cannot RetrieveEntry.
Jun 11, 2018 23:46:10.01 [11360:9764:0611/234609.971:ERROR:in_progress_cache_impl.cc(189)] Cache is not initialized, cannot RetrieveEntry.
Jun 11, 2018 23:46:10.01 [11360:9764:0611/234609.971:ERROR:in_progress_cache_impl.cc(189)] Cache is not initialized, cannot RetrieveEntry.
Jun 11, 2018 23:46:10.01 [11360:9764:0611/234609.971:ERROR:in_progress_cache_impl.cc(189)] Cache is not initialized, cannot RetrieveEntry.
Jun 11, 2018 23:46:10.01 [11360:9764:0611/234609.971:ERROR:in_progress_cache_impl.cc(189)] Cache is not initialized, cannot RetrieveEntry.
Jun 11, 2018 23:46:10.02 [11360:9764:0611/234609.971:ERROR:in_progress_cache_impl.cc(189)] Cache is not initialized, cannot RetrieveEntry.
Jun 11, 2018 23:46:10.02 [11360:9764:0611/234609.971:ERROR:in_progress_cache_impl.cc(189)] Cache is not initialized, cannot RetrieveEntry.
Jun 11, 2018 23:46:10.02 [11360:9764:0611/234609.971:ERROR:in_progress_cache_impl.cc(189)] Cache is not initialized, cannot RetrieveEntry.
Jun 11, 2018 23:46:10.02 [11360:9764:0611/234609.971:ERROR:in_progress_cache_impl.cc(189)] Cache is not initialized, cannot RetrieveEntry.
Jun 11, 2018 23:46:10.02 [11360:9764:0611/234609.971:ERROR:in_progress_cache_impl.cc(189)] Cache is not initialized, cannot RetrieveEntry.
Jun 11, 2018 23:46:10.02 [11360:9764:0611/234610.000:ERROR:in_progress_cache_impl.cc(189)] Cache is not initialized, cannot RetrieveEntry.
Jun 11, 2018 23:46:10.02 [11360:9764:0611/234610.000:ERROR:in_progress_cache_impl.cc(189)] Cache is not initialized, cannot RetrieveEntry.
Jun 11, 2018 23:46:10.02 [11360:9764:0611/234610.000:ERROR:in_progress_cache_impl.cc(189)] Cache is not initialized, cannot RetrieveEntry.
Jun 11, 2018 23:46:10.02 [11360:9764:0611/234610.000:ERROR:in_progress_cache_impl.cc(189)] Cache is not initialized, cannot RetrieveEntry.
Jun 11, 2018 23:46:10.03 [11360:9764:0611/234610.000:ERROR:in_progress_cache_impl.cc(189)] Cache is not initialized, cannot RetrieveEntry.
Jun 11, 2018 23:46:10.03 [11360:9764:0611/234610.000:ERROR:in_progress_cache_impl.cc(189)] Cache is not initialized, cannot RetrieveEntry.
Jun 11, 2018 23:46:10.03 [11360:9764:0611/234610.000:ERROR:in_progress_cache_impl.cc(189)] Cache is not initialized, cannot RetrieveEntry.
Jun 11, 2018 23:46:10.03 [11360:9764:0611/234610.000:ERROR:in_progress_cache_impl.cc(189)] Cache is not initialized, cannot RetrieveEntry.
Jun 11, 2018 23:46:10.11 [11360:9764:0611/234610.000:ERROR:in_progress_cache_impl.cc(189)] Cache is not initialized, cannot RetrieveEntry.
Jun 11, 2018 23:46:10.11 [11360:9764:0611/234610.000:ERROR:in_progress_cache_impl.cc(189)] Cache is not initialized, cannot RetrieveEntry.
Jun 11, 2018 23:46:10.12 [11360:9764:0611/234610.000:ERROR:in_progress_cache_impl.cc(189)] Cache is not initialized, cannot RetrieveEntry.
Jun 11, 2018 23:46:10.16 [11360:9764:0611/234610.000:ERROR:in_progress_cache_impl.cc(189)] Cache is not initialized, cannot RetrieveEntry.
Jun 11, 2018 23:46:10.16 [11360:9764:0611/234610.000:ERROR:in_progress_cache_impl.cc(189)] Cache is not initialized, cannot RetrieveEntry.
Jun 11, 2018 23:46:10.16 [11360:9764:0611/234610.000:ERROR:in_progress_cache_impl.cc(189)] Cache is not initialized, cannot RetrieveEntry.
Jun 11, 2018 23:46:10.16 [11360:9764:0611/234610.000:ERROR:in_progress_cache_impl.cc(189)] Cache is not initialized, cannot RetrieveEntry.
Jun 11, 2018 23:46:10.16 [11360:9764:0611/234610.000:ERROR:in_progress_cache_impl.cc(189)] Cache is not initialized, cannot RetrieveEntry.
Jun 11, 2018 23:46:10.16 [11360:9764:0611/234610.000:ERROR:in_progress_cache_impl.cc(189)] Cache is not initialized, cannot RetrieveEntry.
Jun 11, 2018 23:46:10.16 [11360:9764:0611/234610.000:ERROR:in_progress_cache_impl.cc(189)] Cache is not initialized, cannot RetrieveEntry.
Jun 11, 2018 23:46:10.16 [11360:9764:0611/234610.000:ERROR:in_progress_cache_impl.cc(189)] Cache is not initialized, cannot RetrieveEntry.
Jun 11, 2018 23:46:10.16 [11360:9764:0611/234610.000:ERROR:in_progress_cache_impl.cc(189)] Cache is not initialized, cannot RetrieveEntry.
Jun 11, 2018 23:46:10.16 [11360:9764:0611/234610.000:ERROR:in_progress_cache_impl.cc(189)] Cache is not initialized, cannot RetrieveEntry.
Jun 11, 2018 23:46:10.16 [11360:9764:0611/234610.000:ERROR:in_progress_cache_impl.cc(189)] Cache is not initialized, cannot RetrieveEntry.
Jun 11, 2018 23:46:10.16 [11360:9764:0611/234610.000:ERROR:in_progress_cache_impl.cc(189)] Cache is not initialized, cannot RetrieveEntry.
Jun 11, 2018 23:46:10.17 [11360:9764:0611/234610.000:ERROR:in_progress_cache_impl.cc(189)] Cache is not initialized, cannot RetrieveEntry.
Jun 11, 2018 23:46:10.17 [11360:9764:0611/234610.000:ERROR:in_progress_cache_impl.cc(189)] Cache is not initialized, cannot RetrieveEntry.
Jun 11, 2018 23:46:10.17 [11360:9764:0611/234610.000:ERROR:in_progress_cache_impl.cc(189)] Cache is not initialized, cannot RetrieveEntry.
Jun 11, 2018 23:46:10.17 [11360:9764:0611/234610.000:ERROR:in_progress_cache_impl.cc(189)] Cache is not initialized, cannot RetrieveEntry.
Jun 11, 2018 23:46:10.17 [11360:9764:0611/234610.000:ERROR:in_progress_cache_impl.cc(189)] Cache is not initialized, cannot RetrieveEntry.
Jun 11, 2018 23:46:10.17 [11360:9764:0611/234610.000:ERROR:in_progress_cache_impl.cc(189)] Cache is not initialized, cannot RetrieveEntry.
Jun 11, 2018 23:46:10.17 [11360:9764:0611/234610.000:ERROR:in_progress_cache_impl.cc(189)] Cache is not initialized, cannot RetrieveEntry.
Jun 11, 2018 23:46:10.17 [11360:9764:0611/234610.000:ERROR:in_progress_cache_impl.cc(189)] Cache is not initialized, cannot RetrieveEntry.
Jun 11, 2018 23:46:10.17 [11360:9764:0611/234610.001:ERROR:in_progress_cache_impl.cc(189)] Cache is not initialized, cannot RetrieveEntry.
Jun 11, 2018 23:46:10.17 [11360:9764:0611/234610.001:ERROR:in_progress_cache_impl.cc(189)] Cache is not initialized, cannot RetrieveEntry.
Jun 11, 2018 23:46:10.17 [11360:9764:0611/234610.001:ERROR:in_progress_cache_impl.cc(189)] Cache is not initialized, cannot RetrieveEntry.
Jun 11, 2018 23:46:10.17 [11360:9764:0611/234610.001:ERROR:in_progress_cache_impl.cc(189)] Cache is not initialized, cannot RetrieveEntry.
Jun 11, 2018 23:46:10.17 [11360:9764:0611/234610.001:ERROR:in_progress_cache_impl.cc(189)] Cache is not initialized, cannot RetrieveEntry.
Jun 11, 2018 23:46:10.17 [11360:9764:0611/234610.023:ERROR:in_progress_cache_impl.cc(189)] Cache is not initialized, cannot RetrieveEntry.
Jun 11, 2018 23:46:10.17 [11360:9764:0611/234610.023:ERROR:in_progress_cache_impl.cc(189)] Cache is not initialized, cannot RetrieveEntry.
Jun 11, 2018 23:46:10.17 [11360:9764:0611/234610.023:ERROR:in_progress_cache_impl.cc(189)] Cache is not initialized, cannot RetrieveEntry.
Jun 11, 2018 23:46:10.17 [11360:9764:0611/234610.023:ERROR:in_progress_cache_impl.cc(189)] Cache is not initialized, cannot RetrieveEntry.
Jun 11, 2018 23:46:10.17 [11360:9764:0611/234610.023:ERROR:in_progress_cache_impl.cc(189)] Cache is not initialized, cannot RetrieveEntry.
Jun 11, 2018 23:46:10.17 [11360:9764:0611/234610.023:ERROR:in_progress_cache_impl.cc(189)] Cache is not initialized, cannot RetrieveEntry.
Jun 11, 2018 23:46:10.17 [11360:9764:0611/234610.023:ERROR:in_progress_cache_impl.cc(189)] Cache is not initialized, cannot RetrieveEntry.
Jun 11, 2018 23:46:10.17 [11360:9764:0611/234610.023:ERROR:in_progress_cache_impl.cc(189)] Cache is not initialized, cannot RetrieveEntry.
Jun 11, 2018 23:46:10.18 [11360:9764:0611/234610.023:ERROR:in_progress_cache_impl.cc(189)] Cache is not initialized, cannot RetrieveEntry.
Jun 11, 2018 23:46:10.18 [11360:9764:0611/234610.023:ERROR:in_progress_cache_impl.cc(189)] Cache is not initialized, cannot RetrieveEntry.
Jun 11, 2018 23:46:10.18 [11360:9764:0611/234610.023:ERROR:in_progress_cache_impl.cc(189)] Cache is not initialized, cannot RetrieveEntry.
Jun 11, 2018 23:46:10.18 [11360:9764:0611/234610.023:ERROR:in_progress_cache_impl.cc(189)] Cache is not initialized, cannot RetrieveEntry.
Jun 11, 2018 23:46:10.18 [11360:9764:0611/234610.023:ERROR:in_progress_cache_impl.cc(189)] Cache is not initialized, cannot RetrieveEntry.
Jun 11, 2018 23:46:10.18 [11360:9764:0611/234610.023:ERROR:in_progress_cache_impl.cc(189)] Cache is not initialized, cannot RetrieveEntry.
Jun 11, 2018 23:46:10.18 [11360:9764:0611/234610.023:ERROR:in_progress_cache_impl.cc(189)] Cache is not initialized, cannot RetrieveEntry.
Jun 11, 2018 23:46:49.97 [11360:9764:0611/234649.970:ERROR:CONSOLE(143)] "Failed to execute 'postMessage' on 'DOMWindow': The target origin provided ('http://192.168.1.5:8082') does not match the recipient window's origin ('https://www.google.co.in').", source: chrome-search://most-visited/single.js (143)

Jun 14, 2018 12:49:50.24 NEW SESSION
Jun 14, 2018 12:49:50.24 [16528:13316:0614/124950.092:ERROR:in_progress_cache_impl.cc(93)] Could not read download entries from file because there was a read failure.
